\BOOKMARK [1][-]{section*.1}{Glossary}{}% 1
\BOOKMARK [0][-]{chapter.1}{1 Start auf Deutsch}{}% 2
\BOOKMARK [1][-]{section.1.1}{1.1 das Alphabet / o alfabeto}{chapter.1}% 3
\BOOKMARK [1][-]{section.1.2}{1.2 Begr\374\337en und verabschieden / Sauda\347\365es e despedidas}{chapter.1}% 4
\BOOKMARK [1][-]{section.1.3}{1.3 das Datum / a data}{chapter.1}% 5
\BOOKMARK [1][-]{section.1.4}{1.4 vorstellen / apresentar}{chapter.1}% 6
\BOOKMARK [2][-]{subsection.1.4.1}{1.4.1 ich vorstellen / apresentar-me}{section.1.4}% 7
\BOOKMARK [2][-]{subsection.1.4.2}{1.4.2 die Wortstellung}{section.1.4}% 8
\BOOKMARK [2][-]{subsection.1.4.3}{1.4.3 Land}{section.1.4}% 9
\BOOKMARK [2][-]{subsection.1.4.4}{1.4.4 Freunde, Kollegen und ich}{section.1.4}% 10
\BOOKMARK [2][-]{subsection.1.4.5}{1.4.5 in der Stadt}{section.1.4}% 11
\BOOKMARK [2][-]{subsection.1.4.6}{1.4.6 Das Familie}{section.1.4}% 12
\BOOKMARK [2][-]{subsection.1.4.7}{1.4.7 Lebensmittel}{section.1.4}% 13
\BOOKMARK [2][-]{subsection.1.4.8}{1.4.8 im Restaurant}{section.1.4}% 14
\BOOKMARK [2][-]{subsection.1.4.9}{1.4.9 Feste}{section.1.4}% 15
\BOOKMARK [2][-]{subsection.1.4.10}{1.4.10 Express\365es temporais}{section.1.4}% 16
\BOOKMARK [2][-]{subsection.1.4.11}{1.4.11 Verbale Konjugationen \(Conjuga\347\365es verbais\)}{section.1.4}% 17
\BOOKMARK [2][-]{subsection.1.4.12}{1.4.12 Wortschatz}{section.1.4}% 18
\BOOKMARK [0][-]{chapter.2}{2 Verbale Konjugationen / Conjunga\347\365es Verbais}{}% 19
\BOOKMARK [1][-]{section.2.1}{2.1 Regular}{chapter.2}% 20
