This is pdfTeX, Version 3.14159265-2.6-1.40.18 (TeX Live 2017/W32TeX) (preloaded format=pdflatex 2017.11.1)  24 OCT 2021 22:15
entering extended mode
 restricted \write18 enabled.
 file:line:error style messages enabled.
 %&-line parsing enabled.
**c:/Users/duart/drive/me/myCourses/deutsch/meine_bibel/meine_bibel.tex
(c:/Users/duart/drive/me/myCourses/deutsch/meine_bibel/meine_bibel.tex
LaTeX2e <2017-04-15>
Babel <3.14> and hyphenation patterns for 84 language(s) loaded.
(c:/texlive/2017/texmf-dist/tex/latex/base/report.cls
Document Class: report 2014/09/29 v1.4h Standard LaTeX document class
(c:/texlive/2017/texmf-dist/tex/latex/base/size10.clo
File: size10.clo 2014/09/29 v1.4h Standard LaTeX file (size option)
)
\c@part=\count79
\c@chapter=\count80
\c@section=\count81
\c@subsection=\count82
\c@subsubsection=\count83
\c@paragraph=\count84
\c@subparagraph=\count85
\c@figure=\count86
\c@table=\count87
\abovecaptionskip=\skip41
\belowcaptionskip=\skip42
\bibindent=\dimen102
) (c:/texlive/2017/texmf-dist/tex/latex/graphics/graphicx.sty
Package: graphicx 2017/06/01 v1.1a Enhanced LaTeX Graphics (DPC,SPQR)
 (c:/texlive/2017/texmf-dist/tex/latex/graphics/keyval.sty
Package: keyval 2014/10/28 v1.15 key=value parser (DPC)
\KV@toks@=\toks14
) (c:/texlive/2017/texmf-dist/tex/latex/graphics/graphics.sty
Package: graphics 2017/06/25 v1.2c Standard LaTeX Graphics (DPC,SPQR)
 (c:/texlive/2017/texmf-dist/tex/latex/graphics/trig.sty
Package: trig 2016/01/03 v1.10 sin cos tan (DPC)
) (c:/texlive/2017/texmf-dist/tex/latex/graphics-cfg/graphics.cfg
File: graphics.cfg 2016/06/04 v1.11 sample graphics configuration
)
Package graphics Info: Driver file: pdftex.def on input line 99.
 (c:/texlive/2017/texmf-dist/tex/latex/graphics-def/pdftex.def
File: pdftex.def 2017/06/24 v1.0g Graphics/color driver for pdftex
))
\Gin@req@height=\dimen103
\Gin@req@width=\dimen104
) (c:/texlive/2017/texmf-dist/tex/latex/oberdiek/transparent.sty
Package: transparent 2016/05/16 v1.1 Transparency via pdfTeX's color stack (HO)
 (c:/texlive/2017/texmf-dist/tex/generic/oberdiek/ifpdf.sty
Package: ifpdf 2017/03/15 v3.2 Provides the ifpdf switch
) (c:/texlive/2017/texmf-dist/tex/latex/oberdiek/auxhook.sty
Package: auxhook 2016/05/16 v1.4 Hooks for auxiliary files (HO)
)) (c:/texlive/2017/texmf-dist/tex/latex/pgf/frontendlayer/tikz.sty (c:/texlive/2017/texmf-dist/tex/latex/pgf/basiclayer/pgf.sty (c:/texlive/2017/texmf-dist/tex/latex/pgf/utilities/pgfrcs.sty (c:/texlive/2017/texmf-dist/tex/generic/pgf/utilities/pgfutil-common.tex
\pgfutil@everybye=\toks15
\pgfutil@tempdima=\dimen105
\pgfutil@tempdimb=\dimen106
 (c:/texlive/2017/texmf-dist/tex/generic/pgf/utilities/pgfutil-common-lists.tex)) (c:/texlive/2017/texmf-dist/tex/generic/pgf/utilities/pgfutil-latex.def
\pgfutil@abb=\box26
 (c:/texlive/2017/texmf-dist/tex/latex/ms/everyshi.sty
Package: everyshi 2001/05/15 v3.00 EveryShipout Package (MS)
)) (c:/texlive/2017/texmf-dist/tex/generic/pgf/utilities/pgfrcs.code.tex
Package: pgfrcs 2015/08/07 v3.0.1a (rcs-revision 1.31)
))
Package: pgf 2015/08/07 v3.0.1a (rcs-revision 1.15)
 (c:/texlive/2017/texmf-dist/tex/latex/pgf/basiclayer/pgfcore.sty (c:/texlive/2017/texmf-dist/tex/latex/pgf/systemlayer/pgfsys.sty (c:/texlive/2017/texmf-dist/tex/generic/pgf/systemlayer/pgfsys.code.tex
Package: pgfsys 2014/07/09 v3.0.1a (rcs-revision 1.48)
 (c:/texlive/2017/texmf-dist/tex/generic/pgf/utilities/pgfkeys.code.tex
\pgfkeys@pathtoks=\toks16
\pgfkeys@temptoks=\toks17
 (c:/texlive/2017/texmf-dist/tex/generic/pgf/utilities/pgfkeysfiltered.code.tex
\pgfkeys@tmptoks=\toks18
))
\pgf@x=\dimen107
\pgf@y=\dimen108
\pgf@xa=\dimen109
\pgf@ya=\dimen110
\pgf@xb=\dimen111
\pgf@yb=\dimen112
\pgf@xc=\dimen113
\pgf@yc=\dimen114
\w@pgf@writea=\write3
\r@pgf@reada=\read1
\c@pgf@counta=\count88
\c@pgf@countb=\count89
\c@pgf@countc=\count90
\c@pgf@countd=\count91
\t@pgf@toka=\toks19
\t@pgf@tokb=\toks20
\t@pgf@tokc=\toks21
 (c:/texlive/2017/texmf-dist/tex/generic/pgf/systemlayer/pgf.cfg
File: pgf.cfg 2008/05/14  (rcs-revision 1.7)
)
Driver file for pgf: pgfsys-pdftex.def
 (c:/texlive/2017/texmf-dist/tex/generic/pgf/systemlayer/pgfsys-pdftex.def
File: pgfsys-pdftex.def 2014/10/11  (rcs-revision 1.35)
 (c:/texlive/2017/texmf-dist/tex/generic/pgf/systemlayer/pgfsys-common-pdf.def
File: pgfsys-common-pdf.def 2013/10/10  (rcs-revision 1.13)
))) (c:/texlive/2017/texmf-dist/tex/generic/pgf/systemlayer/pgfsyssoftpath.code.tex
File: pgfsyssoftpath.code.tex 2013/09/09  (rcs-revision 1.9)
\pgfsyssoftpath@smallbuffer@items=\count92
\pgfsyssoftpath@bigbuffer@items=\count93
) (c:/texlive/2017/texmf-dist/tex/generic/pgf/systemlayer/pgfsysprotocol.code.tex
File: pgfsysprotocol.code.tex 2006/10/16  (rcs-revision 1.4)
)) (c:/texlive/2017/texmf-dist/tex/latex/xcolor/xcolor.sty
Package: xcolor 2016/05/11 v2.12 LaTeX color extensions (UK)
 (c:/texlive/2017/texmf-dist/tex/latex/graphics-cfg/color.cfg
File: color.cfg 2016/01/02 v1.6 sample color configuration
)
Package xcolor Info: Driver file: pdftex.def on input line 225.
Package xcolor Info: Model `cmy' substituted by `cmy0' on input line 1348.
Package xcolor Info: Model `hsb' substituted by `rgb' on input line 1352.
Package xcolor Info: Model `RGB' extended on input line 1364.
Package xcolor Info: Model `HTML' substituted by `rgb' on input line 1366.
Package xcolor Info: Model `Hsb' substituted by `hsb' on input line 1367.
Package xcolor Info: Model `tHsb' substituted by `hsb' on input line 1368.
Package xcolor Info: Model `HSB' substituted by `hsb' on input line 1369.
Package xcolor Info: Model `Gray' substituted by `gray' on input line 1370.
Package xcolor Info: Model `wave' substituted by `hsb' on input line 1371.
) (c:/texlive/2017/texmf-dist/tex/generic/pgf/basiclayer/pgfcore.code.tex
Package: pgfcore 2010/04/11 v3.0.1a (rcs-revision 1.7)
 (c:/texlive/2017/texmf-dist/tex/generic/pgf/math/pgfmath.code.tex (c:/texlive/2017/texmf-dist/tex/generic/pgf/math/pgfmathcalc.code.tex (c:/texlive/2017/texmf-dist/tex/generic/pgf/math/pgfmathutil.code.tex) (c:/texlive/2017/texmf-dist/tex/generic/pgf/math/pgfmathparser.code.tex
\pgfmath@dimen=\dimen115
\pgfmath@count=\count94
\pgfmath@box=\box27
\pgfmath@toks=\toks22
\pgfmath@stack@operand=\toks23
\pgfmath@stack@operation=\toks24
) (c:/texlive/2017/texmf-dist/tex/generic/pgf/math/pgfmathfunctions.code.tex (c:/texlive/2017/texmf-dist/tex/generic/pgf/math/pgfmathfunctions.basic.code.tex) (c:/texlive/2017/texmf-dist/tex/generic/pgf/math/pgfmathfunctions.trigonometric.code.tex) (c:/texlive/2017/texmf-dist/tex/generic/pgf/math/pgfmathfunctions.random.code.tex) (c:/texlive/2017/texmf-dist/tex/generic/pgf/math/pgfmathfunctions.comparison.code.tex) (c:/texlive/2017/texmf-dist/tex/generic/pgf/math/pgfmathfunctions.base.code.tex) (c:/texlive/2017/texmf-dist/tex/generic/pgf/math/pgfmathfunctions.round.code.tex) (c:/texlive/2017/texmf-dist/tex/generic/pgf/math/pgfmathfunctions.misc.code.tex) (c:/texlive/2017/texmf-dist/tex/generic/pgf/math/pgfmathfunctions.integerarithmetics.code.tex))) (c:/texlive/2017/texmf-dist/tex/generic/pgf/math/pgfmathfloat.code.tex
\c@pgfmathroundto@lastzeros=\count95
)) (c:/texlive/2017/texmf-dist/tex/generic/pgf/basiclayer/pgfcorepoints.code.tex
File: pgfcorepoints.code.tex 2013/10/07  (rcs-revision 1.27)
\pgf@picminx=\dimen116
\pgf@picmaxx=\dimen117
\pgf@picminy=\dimen118
\pgf@picmaxy=\dimen119
\pgf@pathminx=\dimen120
\pgf@pathmaxx=\dimen121
\pgf@pathminy=\dimen122
\pgf@pathmaxy=\dimen123
\pgf@xx=\dimen124
\pgf@xy=\dimen125
\pgf@yx=\dimen126
\pgf@yy=\dimen127
\pgf@zx=\dimen128
\pgf@zy=\dimen129
) (c:/texlive/2017/texmf-dist/tex/generic/pgf/basiclayer/pgfcorepathconstruct.code.tex
File: pgfcorepathconstruct.code.tex 2013/10/07  (rcs-revision 1.29)
\pgf@path@lastx=\dimen130
\pgf@path@lasty=\dimen131
) (c:/texlive/2017/texmf-dist/tex/generic/pgf/basiclayer/pgfcorepathusage.code.tex
File: pgfcorepathusage.code.tex 2014/11/02  (rcs-revision 1.24)
\pgf@shorten@end@additional=\dimen132
\pgf@shorten@start@additional=\dimen133
) (c:/texlive/2017/texmf-dist/tex/generic/pgf/basiclayer/pgfcorescopes.code.tex
File: pgfcorescopes.code.tex 2015/05/08  (rcs-revision 1.46)
\pgfpic=\box28
\pgf@hbox=\box29
\pgf@layerbox@main=\box30
\pgf@picture@serial@count=\count96
) (c:/texlive/2017/texmf-dist/tex/generic/pgf/basiclayer/pgfcoregraphicstate.code.tex
File: pgfcoregraphicstate.code.tex 2014/11/02  (rcs-revision 1.12)
\pgflinewidth=\dimen134
) (c:/texlive/2017/texmf-dist/tex/generic/pgf/basiclayer/pgfcoretransformations.code.tex
File: pgfcoretransformations.code.tex 2015/08/07  (rcs-revision 1.20)
\pgf@pt@x=\dimen135
\pgf@pt@y=\dimen136
\pgf@pt@temp=\dimen137
) (c:/texlive/2017/texmf-dist/tex/generic/pgf/basiclayer/pgfcorequick.code.tex
File: pgfcorequick.code.tex 2008/10/09  (rcs-revision 1.3)
) (c:/texlive/2017/texmf-dist/tex/generic/pgf/basiclayer/pgfcoreobjects.code.tex
File: pgfcoreobjects.code.tex 2006/10/11  (rcs-revision 1.2)
) (c:/texlive/2017/texmf-dist/tex/generic/pgf/basiclayer/pgfcorepathprocessing.code.tex
File: pgfcorepathprocessing.code.tex 2013/09/09  (rcs-revision 1.9)
) (c:/texlive/2017/texmf-dist/tex/generic/pgf/basiclayer/pgfcorearrows.code.tex
File: pgfcorearrows.code.tex 2015/05/14  (rcs-revision 1.43)
\pgfarrowsep=\dimen138
) (c:/texlive/2017/texmf-dist/tex/generic/pgf/basiclayer/pgfcoreshade.code.tex
File: pgfcoreshade.code.tex 2013/07/15  (rcs-revision 1.15)
\pgf@max=\dimen139
\pgf@sys@shading@range@num=\count97
) (c:/texlive/2017/texmf-dist/tex/generic/pgf/basiclayer/pgfcoreimage.code.tex
File: pgfcoreimage.code.tex 2013/07/15  (rcs-revision 1.18)
 (c:/texlive/2017/texmf-dist/tex/generic/pgf/basiclayer/pgfcoreexternal.code.tex
File: pgfcoreexternal.code.tex 2014/07/09  (rcs-revision 1.21)
\pgfexternal@startupbox=\box31
)) (c:/texlive/2017/texmf-dist/tex/generic/pgf/basiclayer/pgfcorelayers.code.tex
File: pgfcorelayers.code.tex 2013/07/18  (rcs-revision 1.7)
) (c:/texlive/2017/texmf-dist/tex/generic/pgf/basiclayer/pgfcoretransparency.code.tex
File: pgfcoretransparency.code.tex 2013/09/30  (rcs-revision 1.5)
) (c:/texlive/2017/texmf-dist/tex/generic/pgf/basiclayer/pgfcorepatterns.code.tex
File: pgfcorepatterns.code.tex 2013/11/07  (rcs-revision 1.5)
))) (c:/texlive/2017/texmf-dist/tex/generic/pgf/modules/pgfmoduleshapes.code.tex
File: pgfmoduleshapes.code.tex 2014/03/21  (rcs-revision 1.35)
\pgfnodeparttextbox=\box32
) (c:/texlive/2017/texmf-dist/tex/generic/pgf/modules/pgfmoduleplot.code.tex
File: pgfmoduleplot.code.tex 2015/08/03  (rcs-revision 1.13)
) (c:/texlive/2017/texmf-dist/tex/latex/pgf/compatibility/pgfcomp-version-0-65.sty
Package: pgfcomp-version-0-65 2007/07/03 v3.0.1a (rcs-revision 1.7)
\pgf@nodesepstart=\dimen140
\pgf@nodesepend=\dimen141
) (c:/texlive/2017/texmf-dist/tex/latex/pgf/compatibility/pgfcomp-version-1-18.sty
Package: pgfcomp-version-1-18 2007/07/23 v3.0.1a (rcs-revision 1.1)
)) (c:/texlive/2017/texmf-dist/tex/latex/pgf/utilities/pgffor.sty (c:/texlive/2017/texmf-dist/tex/latex/pgf/utilities/pgfkeys.sty (c:/texlive/2017/texmf-dist/tex/generic/pgf/utilities/pgfkeys.code.tex)) (c:/texlive/2017/texmf-dist/tex/latex/pgf/math/pgfmath.sty (c:/texlive/2017/texmf-dist/tex/generic/pgf/math/pgfmath.code.tex)) (c:/texlive/2017/texmf-dist/tex/generic/pgf/utilities/pgffor.code.tex
Package: pgffor 2013/12/13 v3.0.1a (rcs-revision 1.25)
 (c:/texlive/2017/texmf-dist/tex/generic/pgf/math/pgfmath.code.tex)
\pgffor@iter=\dimen142
\pgffor@skip=\dimen143
\pgffor@stack=\toks25
\pgffor@toks=\toks26
)) (c:/texlive/2017/texmf-dist/tex/generic/pgf/frontendlayer/tikz/tikz.code.tex
Package: tikz 2015/08/07 v3.0.1a (rcs-revision 1.151)
 (c:/texlive/2017/texmf-dist/tex/generic/pgf/libraries/pgflibraryplothandlers.code.tex
File: pgflibraryplothandlers.code.tex 2013/08/31 v3.0.1a (rcs-revision 1.20)
\pgf@plot@mark@count=\count98
\pgfplotmarksize=\dimen144
)
\tikz@lastx=\dimen145
\tikz@lasty=\dimen146
\tikz@lastxsaved=\dimen147
\tikz@lastysaved=\dimen148
\tikzleveldistance=\dimen149
\tikzsiblingdistance=\dimen150
\tikz@figbox=\box33
\tikz@figbox@bg=\box34
\tikz@tempbox=\box35
\tikz@tempbox@bg=\box36
\tikztreelevel=\count99
\tikznumberofchildren=\count100
\tikznumberofcurrentchild=\count101
\tikz@fig@count=\count102
 (c:/texlive/2017/texmf-dist/tex/generic/pgf/modules/pgfmodulematrix.code.tex
File: pgfmodulematrix.code.tex 2013/09/17  (rcs-revision 1.8)
\pgfmatrixcurrentrow=\count103
\pgfmatrixcurrentcolumn=\count104
\pgf@matrix@numberofcolumns=\count105
)
\tikz@expandcount=\count106
 (c:/texlive/2017/texmf-dist/tex/generic/pgf/frontendlayer/tikz/libraries/tikzlibrarytopaths.code.tex
File: tikzlibrarytopaths.code.tex 2008/06/17 v3.0.1a (rcs-revision 1.2)
))) (c:/texlive/2017/texmf-dist/tex/latex/background/background.sty
Package: background 2014/03/04 v2.1 background material
 (c:/texlive/2017/texmf-dist/tex/latex/xkeyval/xkeyval.sty
Package: xkeyval 2014/12/03 v2.7a package option processing (HA)
 (c:/texlive/2017/texmf-dist/tex/generic/xkeyval/xkeyval.tex (c:/texlive/2017/texmf-dist/tex/generic/xkeyval/xkvutils.tex
\XKV@toks=\toks27
\XKV@tempa@toks=\toks28
)
\XKV@depth=\count107
File: xkeyval.tex 2014/12/03 v2.7a key=value parser (HA)
)) (c:/texlive/2017/texmf-dist/tex/latex/everypage/everypage.sty
Package: everypage 2007/06/20 1.1 Hooks to run on every page
) (c:/texlive/2017/texmf-dist/tex/latex/tools/afterpage.sty
Package: afterpage 2014/10/28 v1.08 After-Page Package (DPC)
\AP@output=\toks29
\AP@partial=\box37
\AP@footins=\box38
)) (c:/texlive/2017/texmf-dist/tex/latex/etoolbox/etoolbox.sty
Package: etoolbox 2017/01/02 v2.4 e-TeX tools for LaTeX (JAW)
\etb@tempcnta=\count108
) (c:/texlive/2017/texmf-dist/tex/latex/mathtools/mathtools.sty
Package: mathtools 2017/10/30 v1.20 mathematical typesetting tools
 (c:/texlive/2017/texmf-dist/tex/latex/tools/calc.sty
Package: calc 2014/10/28 v4.3 Infix arithmetic (KKT,FJ)
\calc@Acount=\count109
\calc@Bcount=\count110
\calc@Adimen=\dimen151
\calc@Bdimen=\dimen152
\calc@Askip=\skip43
\calc@Bskip=\skip44
LaTeX Info: Redefining \setlength on input line 80.
LaTeX Info: Redefining \addtolength on input line 81.
\calc@Ccount=\count111
\calc@Cskip=\skip45
) (c:/texlive/2017/texmf-dist/tex/latex/mathtools/mhsetup.sty
Package: mhsetup 2017/03/31 v1.3 programming setup (MH)
) (c:/texlive/2017/texmf-dist/tex/latex/amsmath/amsmath.sty
Package: amsmath 2017/09/02 v2.17a AMS math features
\@mathmargin=\skip46

For additional information on amsmath, use the `?' option.
(c:/texlive/2017/texmf-dist/tex/latex/amsmath/amstext.sty
Package: amstext 2000/06/29 v2.01 AMS text
 (c:/texlive/2017/texmf-dist/tex/latex/amsmath/amsgen.sty
File: amsgen.sty 1999/11/30 v2.0 generic functions
\@emptytoks=\toks30
\ex@=\dimen153
)) (c:/texlive/2017/texmf-dist/tex/latex/amsmath/amsbsy.sty
Package: amsbsy 1999/11/29 v1.2d Bold Symbols
\pmbraise@=\dimen154
) (c:/texlive/2017/texmf-dist/tex/latex/amsmath/amsopn.sty
Package: amsopn 2016/03/08 v2.02 operator names
)
\inf@bad=\count112
LaTeX Info: Redefining \frac on input line 213.
\uproot@=\count113
\leftroot@=\count114
LaTeX Info: Redefining \overline on input line 375.
\classnum@=\count115
\DOTSCASE@=\count116
LaTeX Info: Redefining \ldots on input line 472.
LaTeX Info: Redefining \dots on input line 475.
LaTeX Info: Redefining \cdots on input line 596.
\Mathstrutbox@=\box39
\strutbox@=\box40
\big@size=\dimen155
LaTeX Font Info:    Redeclaring font encoding OML on input line 712.
LaTeX Font Info:    Redeclaring font encoding OMS on input line 713.
\macc@depth=\count117
\c@MaxMatrixCols=\count118
\dotsspace@=\muskip10
\c@parentequation=\count119
\dspbrk@lvl=\count120
\tag@help=\toks31
\row@=\count121
\column@=\count122
\maxfields@=\count123
\andhelp@=\toks32
\eqnshift@=\dimen156
\alignsep@=\dimen157
\tagshift@=\dimen158
\tagwidth@=\dimen159
\totwidth@=\dimen160
\lineht@=\dimen161
\@envbody=\toks33
\multlinegap=\skip47
\multlinetaggap=\skip48
\mathdisplay@stack=\toks34
LaTeX Info: Redefining \[ on input line 2817.
LaTeX Info: Redefining \] on input line 2818.
)
LaTeX Info: Thecontrolsequence`\('isalreadyrobust on input line 129.
LaTeX Info: Thecontrolsequence`\)'isalreadyrobust on input line 129.
LaTeX Info: Thecontrolsequence`\['isalreadyrobust on input line 129.
LaTeX Info: Thecontrolsequence`\]'isalreadyrobust on input line 129.
\g_MT_multlinerow_int=\count124
\l_MT_multwidth_dim=\dimen162
\origjot=\skip49
\l_MT_shortvdotswithinadjustabove_dim=\dimen163
\l_MT_shortvdotswithinadjustbelow_dim=\dimen164
\l_MT_above_intertext_sep=\dimen165
\l_MT_below_intertext_sep=\dimen166
\l_MT_above_shortintertext_sep=\dimen167
\l_MT_below_shortintertext_sep=\dimen168
) (c:/texlive/2017/texmf-dist/tex/latex/cancel/cancel.sty
Package: cancel 2013/04/12 v2.2 Cancel math terms
) (c:/texlive/2017/texmf-dist/tex/generic/chemfig/chemfig.sty (c:/texlive/2017/texmf-dist/tex/generic/chemfig/chemfig.tex (c:/texlive/2017/texmf-dist/tex/generic/pgf/libraries/pgflibraryarrows.meta.code.tex
File: pgflibraryarrows.meta.code.tex 2015/05/13 v3.0.1a (rcs-revision 1.13)
\pgfarrowinset=\dimen169
\pgfarrowlength=\dimen170
\pgfarrowwidth=\dimen171
\pgfarrowlinewidth=\dimen172
)
\CF@cnt@atomingroup=\count125
\CF@cnt@groupnumber=\count126
\CF@cnt@atomnumber=\count127
\CF@cnt@cycle=\count128
\CF@dim=\dimen173
\CF@lewis@box=\box41
\CF@box@boxa=\box42
\CF@box@boxb=\box43
\CF@stuff@box=\box44
\CF@unused=\write4
\CF@compound@cnt=\count129
\CF@arrow@size=\dimen174
)
Package: chemfig 2017/05/20 v1.2e Draw molecule with an easy syntax
) (c:/texlive/2017/texmf-dist/tex/latex/mhchem/mhchem.sty
Package: mhchem 2017/07/24 v4.07 for typesetting chemical formulae
 (c:/texlive/2017/texmf-dist/tex/latex/l3kernel/expl3.sty
Package: expl3 2017/09/18 L3 programming layer (loader) 
 (c:/texlive/2017/texmf-dist/tex/latex/l3kernel/expl3-code.tex
Package: expl3 2017/09/18 L3 programming layer (code)
\c_max_int=\count130
\l_tmpa_int=\count131
\l_tmpb_int=\count132
\g_tmpa_int=\count133
\g_tmpb_int=\count134
\g__intarray_font_int=\count135
\g__prg_map_int=\count136
\c_log_iow=\count137
\l_iow_line_count_int=\count138
\l__iow_line_target_int=\count139
\l__iow_one_indent_int=\count140
\l__iow_indent_int=\count141
\c_zero_dim=\dimen175
\c_max_dim=\dimen176
\l_tmpa_dim=\dimen177
\l_tmpb_dim=\dimen178
\g_tmpa_dim=\dimen179
\g_tmpb_dim=\dimen180
\c_zero_skip=\skip50
\c_max_skip=\skip51
\l_tmpa_skip=\skip52
\l_tmpb_skip=\skip53
\g_tmpa_skip=\skip54
\g_tmpb_skip=\skip55
\c_zero_muskip=\muskip11
\c_max_muskip=\muskip12
\l_tmpa_muskip=\muskip13
\l_tmpb_muskip=\muskip14
\g_tmpa_muskip=\muskip15
\g_tmpb_muskip=\muskip16
\l_keys_choice_int=\count142
\c__fp_leading_shift_int=\count143
\c__fp_middle_shift_int=\count144
\c__fp_trailing_shift_int=\count145
\c__fp_big_leading_shift_int=\count146
\c__fp_big_middle_shift_int=\count147
\c__fp_big_trailing_shift_int=\count148
\c__fp_Bigg_leading_shift_int=\count149
\c__fp_Bigg_middle_shift_int=\count150
\c__fp_Bigg_trailing_shift_int=\count151
\c__fp_rand_size_int=\count152
\c__fp_rand_four_int=\count153
\c__fp_rand_eight_int=\count154
\l__sort_length_int=\count155
\l__sort_min_int=\count156
\l__sort_top_int=\count157
\l__sort_max_int=\count158
\l__sort_true_max_int=\count159
\l__sort_block_int=\count160
\l__sort_begin_int=\count161
\l__sort_end_int=\count162
\l__sort_A_int=\count163
\l__sort_B_int=\count164
\l__sort_C_int=\count165
\l__tl_build_start_index_int=\count166
\l__tl_build_index_int=\count167
\l__tl_analysis_normal_int=\count168
\l__tl_analysis_index_int=\count169
\l__tl_analysis_nesting_int=\count170
\l__tl_analysis_type_int=\count171
\l__regex_internal_a_int=\count172
\l__regex_internal_b_int=\count173
\l__regex_internal_c_int=\count174
\l__regex_balance_int=\count175
\l__regex_group_level_int=\count176
\l__regex_mode_int=\count177
\c__regex_cs_in_class_mode_int=\count178
\c__regex_cs_mode_int=\count179
\l__regex_catcodes_int=\count180
\l__regex_default_catcodes_int=\count181
\c__regex_catcode_D_int=\count182
\c__regex_catcode_S_int=\count183
\c__regex_catcode_L_int=\count184
\c__regex_catcode_O_int=\count185
\c__regex_catcode_A_int=\count186
\c__regex_all_catcodes_int=\count187
\l__regex_show_lines_int=\count188
\l__regex_min_state_int=\count189
\l__regex_max_state_int=\count190
\l__regex_left_state_int=\count191
\l__regex_right_state_int=\count192
\l__regex_capturing_group_int=\count193
\l__regex_min_pos_int=\count194
\l__regex_max_pos_int=\count195
\l__regex_curr_pos_int=\count196
\l__regex_start_pos_int=\count197
\l__regex_success_pos_int=\count198
\l__regex_curr_char_int=\count199
\l__regex_curr_catcode_int=\count266
\l__regex_last_char_int=\count267
\l__regex_case_changed_char_int=\count268
\l__regex_curr_state_int=\count269
\l__regex_step_int=\count270
\l__regex_min_active_int=\count271
\l__regex_max_active_int=\count272
\l__regex_replacement_csnames_int=\count273
\l__regex_match_count_int=\count274
\l__regex_min_submatch_int=\count275
\l__regex_submatch_int=\count276
\l__regex_zeroth_submatch_int=\count277
\g__debug_trace_regex_int=\count278
\c_empty_box=\box45
\l_tmpa_box=\box46
\l_tmpb_box=\box47
\g_tmpa_box=\box48
\g_tmpb_box=\box49
\l__box_top_dim=\dimen181
\l__box_bottom_dim=\dimen182
\l__box_left_dim=\dimen183
\l__box_right_dim=\dimen184
\l__box_top_new_dim=\dimen185
\l__box_bottom_new_dim=\dimen186
\l__box_left_new_dim=\dimen187
\l__box_right_new_dim=\dimen188
\l__box_internal_box=\box50
\l__coffin_internal_box=\box51
\l__coffin_internal_dim=\dimen189
\l__coffin_offset_x_dim=\dimen190
\l__coffin_offset_y_dim=\dimen191
\l__coffin_x_dim=\dimen192
\l__coffin_y_dim=\dimen193
\l__coffin_x_prime_dim=\dimen194
\l__coffin_y_prime_dim=\dimen195
\c_empty_coffin=\box52
\l__coffin_aligned_coffin=\box53
\l__coffin_aligned_internal_coffin=\box54
\l_tmpa_coffin=\box55
\l_tmpb_coffin=\box56
\l__coffin_display_coffin=\box57
\l__coffin_display_coord_coffin=\box58
\l__coffin_display_pole_coffin=\box59
\l__coffin_display_offset_dim=\dimen196
\l__coffin_display_x_dim=\dimen197
\l__coffin_display_y_dim=\dimen198
\l__coffin_bounding_shift_dim=\dimen199
\l__coffin_left_corner_dim=\dimen256
\l__coffin_right_corner_dim=\dimen257
\l__coffin_bottom_corner_dim=\dimen258
\l__coffin_top_corner_dim=\dimen259
\l__coffin_scaled_total_height_dim=\dimen260
\l__coffin_scaled_width_dim=\dimen261
) (c:/texlive/2017/texmf-dist/tex/latex/l3kernel/l3pdfmode.def
File: l3pdfmode.def 2017/03/18 v L3 Experimental driver: PDF mode
\l__driver_color_stack_int=\count279
\l__driver_tmp_box=\box60
)) (c:/texlive/2017/texmf-dist/tex/latex/l3packages/l3keys2e/l3keys2e.sty
Package: l3keys2e 2017/09/18 LaTeX2e option processing using LaTeX3 keys
) (c:/texlive/2017/texmf-dist/tex/latex/chemgreek/chemgreek.sty (c:/texlive/2017/texmf-dist/tex/latex/l3packages/xparse/xparse.sty
Package: xparse 2017/09/18 L3 Experimental document command parser
\l__xparse_current_arg_int=\count280
\g__xparse_grabber_int=\count281
\l__xparse_m_args_int=\count282
\l__xparse_mandatory_args_int=\count283
\l__xparse_v_nesting_int=\count284
)
Package: chemgreek 2016/12/20 v1.1 interfaceforuprightgreeklettersforuseinchemistry (CN)
\l__chemgreek_tmpa_int=\count285
\g__chemgreek_tmpa_int=\count286
.................................................
. LaTeX info: "xparse/define-command"
. 
. Defining command \newchemgreekmapping with sig. 'O{}mm' on line 336.
.................................................
.................................................
. LaTeX info: "xparse/define-command"
. 
. Defining command \renewchemgreekmapping with sig. 'O{}mm' on line 339.
.................................................
.................................................
. LaTeX info: "xparse/define-command"
. 
. Defining command \declarechemgreekmapping with sig. 'O{}mm' on line 342.
.................................................
.................................................
. LaTeX info: "xparse/define-command"
. 
. Defining command \newchemgreekmappingalias with sig. 'mm' on line 347.
.................................................
.................................................
. LaTeX info: "xparse/define-command"
. 
. Defining command \renewchemgreekmappingalias with sig. 'mm' on line 350.
.................................................
.................................................
. LaTeX info: "xparse/define-command"
. 
. Defining command \declarechemgreekmappingalias with sig. 'mm' on line 353.
.................................................
.................................................
. LaTeX info: "xparse/define-command"
. 
. Defining command \changechemgreeksymbol with sig. 'mmmm' on line 383.
.................................................
.................................................
. LaTeX info: "xparse/define-command"
. 
. Defining command \chemgreekmappingsymbol with sig. 'mm' on line 477.
.................................................
.................................................
. LaTeX info: "xparse/define-command"
. 
. Defining command \activatechemgreekmapping with sig. 'sm' on line 486.
.................................................
.................................................
. LaTeX info: "xparse/define-command"
. 
. Defining command \selectchemgreekmapping with sig. 'm' on line 491.
.................................................
)
\l__mhchem_ce_distanceFromLastComma_int=\count287
\__mhchem_arrow_extPgfLength_skip=\skip56
\mhchem@minispace@tmp=\skip57
\mhchem@minibackspace@tmp=\skip58
\mhchem@bondwidth=\skip59
\mhchem@bondheight=\skip60
\mhchem@smallbondwidth@tmpA=\skip61
\mhchem@smallbondwidth@tmpB=\skip62
\mhchem@smallbondwidth=\skip63
\mhchem@bondtmp@minussidebearingleft=\skip64
\mhchem@bondtmp@minussidebearingright=\skip65
\l__mhchem_option_version_int=\count288
\mhchem@option@minusmathsidebearingleft=\dimen262
\mhchem@option@minusmathsidebearingright=\dimen263
\mhchem@option@minustextsidebearingleft=\dimen264
\mhchem@option@minustextsidebearingright=\dimen265
) (c:/texlive/2017/texmf-dist/tex/latex/esvect/esvect.sty
Package: esvect 
\symesvector=\mathgroup4
) (c:/texlive/2017/texmf-dist/tex/latex/booktabs/booktabs.sty
Package: booktabs 2016/04/27 v1.618033 publication quality tables
\heavyrulewidth=\dimen266
\lightrulewidth=\dimen267
\cmidrulewidth=\dimen268
\belowrulesep=\dimen269
\belowbottomsep=\dimen270
\aboverulesep=\dimen271
\abovetopsep=\dimen272
\cmidrulesep=\dimen273
\cmidrulekern=\dimen274
\defaultaddspace=\dimen275
\@cmidla=\count289
\@cmidlb=\count290
\@aboverulesep=\dimen276
\@belowrulesep=\dimen277
\@thisruleclass=\count291
\@lastruleclass=\count292
\@thisrulewidth=\dimen278
) (c:/texlive/2017/texmf-dist/tex/latex/tools/array.sty
Package: array 2016/10/06 v2.4d Tabular extension package (FMi)
\col@sep=\dimen279
\extrarowheight=\dimen280
\NC@list=\toks35
\extratabsurround=\skip66
\backup@length=\skip67
) (c:/texlive/2017/texmf-dist/tex/latex/tools/longtable.sty
Package: longtable 2014/10/28 v4.11 Multi-page Table package (DPC)
\LTleft=\skip68
\LTright=\skip69
\LTpre=\skip70
\LTpost=\skip71
\LTchunksize=\count293
\LTcapwidth=\dimen281
\LT@head=\box61
\LT@firsthead=\box62
\LT@foot=\box63
\LT@lastfoot=\box64
\LT@cols=\count294
\LT@rows=\count295
\c@LT@tables=\count296
\c@LT@chunks=\count297
\LT@p@ftn=\toks36
) (c:/texlive/2017/texmf-dist/tex/latex/tabu/tabu.sty
Package: tabu 2011/02/26 v2.8 - flexible LaTeX tabulars (FC)
 (c:/texlive/2017/texmf-dist/tex/latex/varwidth/varwidth.sty
Package: varwidth 2009/03/30 ver 0.92;  Variable-width minipages
\@vwid@box=\box65
\sift@deathcycles=\count298
\@vwid@loff=\dimen282
\@vwid@roff=\dimen283
)
\c@taburow=\count299
\tabu@nbcols=\count300
\tabu@cnt=\count301
\tabu@Xcol=\count302
\tabu@alloc=\count303
\tabu@nested=\count304
\tabu@target=\dimen284
\tabu@spreadtarget=\dimen285
\tabu@naturalX=\dimen286
\tabucolX=\dimen287
\tabu@Xsum=\dimen288
\extrarowdepth=\dimen289
\abovetabulinesep=\dimen290
\belowtabulinesep=\dimen291
\tabustrutrule=\dimen292
\tabu@thebody=\toks37
\tabu@footnotes=\toks38
\tabu@box=\box66
\tabu@arstrutbox=\box67
\tabu@hleads=\box68
\tabu@vleads=\box69
\tabu@cellskip=\skip72
) (c:/texlive/2017/texmf-dist/tex/latex/tools/tabularx.sty
Package: tabularx 2016/02/03 v2.11 `tabularx' package (DPC)
\TX@col@width=\dimen293
\TX@old@table=\dimen294
\TX@old@col=\dimen295
\TX@target=\dimen296
\TX@delta=\dimen297
\TX@cols=\count305
\TX@ftn=\toks39
) (c:/texlive/2017/texmf-dist/tex/latex/tools/multicol.sty
Package: multicol 2017/04/11 v1.8q multicolumn formatting (FMi)
\c@tracingmulticols=\count306
\mult@box=\box70
\multicol@leftmargin=\dimen298
\c@unbalance=\count307
\c@collectmore=\count308
\doublecol@number=\count309
\multicoltolerance=\count310
\multicolpretolerance=\count311
\full@width=\dimen299
\page@free=\dimen300
\premulticols=\dimen301
\postmulticols=\dimen302
\multicolsep=\skip73
\multicolbaselineskip=\skip74
\partial@page=\box71
\last@line=\box72
\maxbalancingoverflow=\dimen303
\mult@rightbox=\box73
\mult@grightbox=\box74
\mult@gfirstbox=\box75
\mult@firstbox=\box76
\@tempa=\box77
\@tempa=\box78
\@tempa=\box79
\@tempa=\box80
\@tempa=\box81
\@tempa=\box82
\@tempa=\box83
\@tempa=\box84
\@tempa=\box85
\@tempa=\box86
\@tempa=\box87
\@tempa=\box88
\@tempa=\box89
\@tempa=\box90
\@tempa=\box91
\@tempa=\box92
\@tempa=\box93
\c@columnbadness=\count312
\c@finalcolumnbadness=\count313
\last@try=\dimen304
\multicolovershoot=\dimen305
\multicolundershoot=\dimen306
\mult@nat@firstbox=\box94
\colbreak@box=\box95
\mc@col@check@num=\count314
) (c:/texlive/2017/texmf-dist/tex/latex/blindtext/blindtext.sty
Package: blindtext 2012/01/06 V2.0 blindtext-Package
 (c:/texlive/2017/texmf-dist/tex/latex/tools/xspace.sty
Package: xspace 2014/10/28 v1.13 Space after command names (DPC,MH)
)
\c@blindtext=\count315
\c@Blindtext=\count316
\c@blind@countparstart=\count317
\blind@countxx=\count318
\blindtext@numBlindtext=\count319
\blind@countyy=\count320
\c@blindlist=\count321
\c@blindlistlevel=\count322
\c@blindlist@level=\count323
\blind@listitem=\count324
\c@blind@listcount=\count325
\c@blind@levelcount=\count326
\blind@mathformula=\count327
\blind@Mathformula=\count328
\c@blind@randomcount=\count329
\c@blind@randommax=\count330
\c@blind@pangramcount=\count331
\c@blind@pangrammax=\count332
) (c:/texlive/2017/texmf-dist/tex/latex/multirow/multirow.sty
Package: multirow 2016/11/25 v2.2 Span multiple rows of a table
\multirow@colwidth=\skip75
\multirow@cntb=\count333
\multirow@dima=\skip76
\bigstrutjot=\dimen307
) (c:/texlive/2017/texmf-dist/tex/latex/tools/hhline.sty
Package: hhline 2014/10/28 v2.03 Table rule package (DPC)
) (c:/texlive/2017/texmf-dist/tex/latex/base/inputenc.sty
Package: inputenc 2015/03/17 v1.2c Input encoding file
\inpenc@prehook=\toks40
\inpenc@posthook=\toks41
 (c:/texlive/2017/texmf-dist/tex/latex/base/utf8.def
File: utf8.def 2017/01/28 v1.1t UTF-8 support for inputenc
Now handling font encoding OML ...
... no UTF-8 mapping file for font encoding OML
Now handling font encoding T1 ...
... processing UTF-8 mapping file for font encoding T1
 (c:/texlive/2017/texmf-dist/tex/latex/base/t1enc.dfu
File: t1enc.dfu 2017/01/28 v1.1t UTF-8 support for inputenc
   defining Unicode char U+00A0 (decimal 160)
   defining Unicode char U+00A1 (decimal 161)
   defining Unicode char U+00A3 (decimal 163)
   defining Unicode char U+00AB (decimal 171)
   defining Unicode char U+00AD (decimal 173)
   defining Unicode char U+00BB (decimal 187)
   defining Unicode char U+00BF (decimal 191)
   defining Unicode char U+00C0 (decimal 192)
   defining Unicode char U+00C1 (decimal 193)
   defining Unicode char U+00C2 (decimal 194)
   defining Unicode char U+00C3 (decimal 195)
   defining Unicode char U+00C4 (decimal 196)
   defining Unicode char U+00C5 (decimal 197)
   defining Unicode char U+00C6 (decimal 198)
   defining Unicode char U+00C7 (decimal 199)
   defining Unicode char U+00C8 (decimal 200)
   defining Unicode char U+00C9 (decimal 201)
   defining Unicode char U+00CA (decimal 202)
   defining Unicode char U+00CB (decimal 203)
   defining Unicode char U+00CC (decimal 204)
   defining Unicode char U+00CD (decimal 205)
   defining Unicode char U+00CE (decimal 206)
   defining Unicode char U+00CF (decimal 207)
   defining Unicode char U+00D0 (decimal 208)
   defining Unicode char U+00D1 (decimal 209)
   defining Unicode char U+00D2 (decimal 210)
   defining Unicode char U+00D3 (decimal 211)
   defining Unicode char U+00D4 (decimal 212)
   defining Unicode char U+00D5 (decimal 213)
   defining Unicode char U+00D6 (decimal 214)
   defining Unicode char U+00D8 (decimal 216)
   defining Unicode char U+00D9 (decimal 217)
   defining Unicode char U+00DA (decimal 218)
   defining Unicode char U+00DB (decimal 219)
   defining Unicode char U+00DC (decimal 220)
   defining Unicode char U+00DD (decimal 221)
   defining Unicode char U+00DE (decimal 222)
   defining Unicode char U+00DF (decimal 223)
   defining Unicode char U+00E0 (decimal 224)
   defining Unicode char U+00E1 (decimal 225)
   defining Unicode char U+00E2 (decimal 226)
   defining Unicode char U+00E3 (decimal 227)
   defining Unicode char U+00E4 (decimal 228)
   defining Unicode char U+00E5 (decimal 229)
   defining Unicode char U+00E6 (decimal 230)
   defining Unicode char U+00E7 (decimal 231)
   defining Unicode char U+00E8 (decimal 232)
   defining Unicode char U+00E9 (decimal 233)
   defining Unicode char U+00EA (decimal 234)
   defining Unicode char U+00EB (decimal 235)
   defining Unicode char U+00EC (decimal 236)
   defining Unicode char U+00ED (decimal 237)
   defining Unicode char U+00EE (decimal 238)
   defining Unicode char U+00EF (decimal 239)
   defining Unicode char U+00F0 (decimal 240)
   defining Unicode char U+00F1 (decimal 241)
   defining Unicode char U+00F2 (decimal 242)
   defining Unicode char U+00F3 (decimal 243)
   defining Unicode char U+00F4 (decimal 244)
   defining Unicode char U+00F5 (decimal 245)
   defining Unicode char U+00F6 (decimal 246)
   defining Unicode char U+00F8 (decimal 248)
   defining Unicode char U+00F9 (decimal 249)
   defining Unicode char U+00FA (decimal 250)
   defining Unicode char U+00FB (decimal 251)
   defining Unicode char U+00FC (decimal 252)
   defining Unicode char U+00FD (decimal 253)
   defining Unicode char U+00FE (decimal 254)
   defining Unicode char U+00FF (decimal 255)
   defining Unicode char U+0100 (decimal 256)
   defining Unicode char U+0101 (decimal 257)
   defining Unicode char U+0102 (decimal 258)
   defining Unicode char U+0103 (decimal 259)
   defining Unicode char U+0104 (decimal 260)
   defining Unicode char U+0105 (decimal 261)
   defining Unicode char U+0106 (decimal 262)
   defining Unicode char U+0107 (decimal 263)
   defining Unicode char U+0108 (decimal 264)
   defining Unicode char U+0109 (decimal 265)
   defining Unicode char U+010A (decimal 266)
   defining Unicode char U+010B (decimal 267)
   defining Unicode char U+010C (decimal 268)
   defining Unicode char U+010D (decimal 269)
   defining Unicode char U+010E (decimal 270)
   defining Unicode char U+010F (decimal 271)
   defining Unicode char U+0110 (decimal 272)
   defining Unicode char U+0111 (decimal 273)
   defining Unicode char U+0112 (decimal 274)
   defining Unicode char U+0113 (decimal 275)
   defining Unicode char U+0114 (decimal 276)
   defining Unicode char U+0115 (decimal 277)
   defining Unicode char U+0116 (decimal 278)
   defining Unicode char U+0117 (decimal 279)
   defining Unicode char U+0118 (decimal 280)
   defining Unicode char U+0119 (decimal 281)
   defining Unicode char U+011A (decimal 282)
   defining Unicode char U+011B (decimal 283)
   defining Unicode char U+011C (decimal 284)
   defining Unicode char U+011D (decimal 285)
   defining Unicode char U+011E (decimal 286)
   defining Unicode char U+011F (decimal 287)
   defining Unicode char U+0120 (decimal 288)
   defining Unicode char U+0121 (decimal 289)
   defining Unicode char U+0122 (decimal 290)
   defining Unicode char U+0123 (decimal 291)
   defining Unicode char U+0124 (decimal 292)
   defining Unicode char U+0125 (decimal 293)
   defining Unicode char U+0128 (decimal 296)
   defining Unicode char U+0129 (decimal 297)
   defining Unicode char U+012A (decimal 298)
   defining Unicode char U+012B (decimal 299)
   defining Unicode char U+012C (decimal 300)
   defining Unicode char U+012D (decimal 301)
   defining Unicode char U+012E (decimal 302)
   defining Unicode char U+012F (decimal 303)
   defining Unicode char U+0130 (decimal 304)
   defining Unicode char U+0131 (decimal 305)
   defining Unicode char U+0132 (decimal 306)
   defining Unicode char U+0133 (decimal 307)
   defining Unicode char U+0134 (decimal 308)
   defining Unicode char U+0135 (decimal 309)
   defining Unicode char U+0136 (decimal 310)
   defining Unicode char U+0137 (decimal 311)
   defining Unicode char U+0139 (decimal 313)
   defining Unicode char U+013A (decimal 314)
   defining Unicode char U+013B (decimal 315)
   defining Unicode char U+013C (decimal 316)
   defining Unicode char U+013D (decimal 317)
   defining Unicode char U+013E (decimal 318)
   defining Unicode char U+0141 (decimal 321)
   defining Unicode char U+0142 (decimal 322)
   defining Unicode char U+0143 (decimal 323)
   defining Unicode char U+0144 (decimal 324)
   defining Unicode char U+0145 (decimal 325)
   defining Unicode char U+0146 (decimal 326)
   defining Unicode char U+0147 (decimal 327)
   defining Unicode char U+0148 (decimal 328)
   defining Unicode char U+014A (decimal 330)
   defining Unicode char U+014B (decimal 331)
   defining Unicode char U+014C (decimal 332)
   defining Unicode char U+014D (decimal 333)
   defining Unicode char U+014E (decimal 334)
   defining Unicode char U+014F (decimal 335)
   defining Unicode char U+0150 (decimal 336)
   defining Unicode char U+0151 (decimal 337)
   defining Unicode char U+0152 (decimal 338)
   defining Unicode char U+0153 (decimal 339)
   defining Unicode char U+0154 (decimal 340)
   defining Unicode char U+0155 (decimal 341)
   defining Unicode char U+0156 (decimal 342)
   defining Unicode char U+0157 (decimal 343)
   defining Unicode char U+0158 (decimal 344)
   defining Unicode char U+0159 (decimal 345)
   defining Unicode char U+015A (decimal 346)
   defining Unicode char U+015B (decimal 347)
   defining Unicode char U+015C (decimal 348)
   defining Unicode char U+015D (decimal 349)
   defining Unicode char U+015E (decimal 350)
   defining Unicode char U+015F (decimal 351)
   defining Unicode char U+0160 (decimal 352)
   defining Unicode char U+0161 (decimal 353)
   defining Unicode char U+0162 (decimal 354)
   defining Unicode char U+0163 (decimal 355)
   defining Unicode char U+0164 (decimal 356)
   defining Unicode char U+0165 (decimal 357)
   defining Unicode char U+0168 (decimal 360)
   defining Unicode char U+0169 (decimal 361)
   defining Unicode char U+016A (decimal 362)
   defining Unicode char U+016B (decimal 363)
   defining Unicode char U+016C (decimal 364)
   defining Unicode char U+016D (decimal 365)
   defining Unicode char U+016E (decimal 366)
   defining Unicode char U+016F (decimal 367)
   defining Unicode char U+0170 (decimal 368)
   defining Unicode char U+0171 (decimal 369)
   defining Unicode char U+0172 (decimal 370)
   defining Unicode char U+0173 (decimal 371)
   defining Unicode char U+0174 (decimal 372)
   defining Unicode char U+0175 (decimal 373)
   defining Unicode char U+0176 (decimal 374)
   defining Unicode char U+0177 (decimal 375)
   defining Unicode char U+0178 (decimal 376)
   defining Unicode char U+0179 (decimal 377)
   defining Unicode char U+017A (decimal 378)
   defining Unicode char U+017B (decimal 379)
   defining Unicode char U+017C (decimal 380)
   defining Unicode char U+017D (decimal 381)
   defining Unicode char U+017E (decimal 382)
   defining Unicode char U+01CD (decimal 461)
   defining Unicode char U+01CE (decimal 462)
   defining Unicode char U+01CF (decimal 463)
   defining Unicode char U+01D0 (decimal 464)
   defining Unicode char U+01D1 (decimal 465)
   defining Unicode char U+01D2 (decimal 466)
   defining Unicode char U+01D3 (decimal 467)
   defining Unicode char U+01D4 (decimal 468)
   defining Unicode char U+01E2 (decimal 482)
   defining Unicode char U+01E3 (decimal 483)
   defining Unicode char U+01E6 (decimal 486)
   defining Unicode char U+01E7 (decimal 487)
   defining Unicode char U+01E8 (decimal 488)
   defining Unicode char U+01E9 (decimal 489)
   defining Unicode char U+01EA (decimal 490)
   defining Unicode char U+01EB (decimal 491)
   defining Unicode char U+01F0 (decimal 496)
   defining Unicode char U+01F4 (decimal 500)
   defining Unicode char U+01F5 (decimal 501)
   defining Unicode char U+0218 (decimal 536)
   defining Unicode char U+0219 (decimal 537)
   defining Unicode char U+021A (decimal 538)
   defining Unicode char U+021B (decimal 539)
   defining Unicode char U+0232 (decimal 562)
   defining Unicode char U+0233 (decimal 563)
   defining Unicode char U+1E02 (decimal 7682)
   defining Unicode char U+1E03 (decimal 7683)
   defining Unicode char U+200C (decimal 8204)
   defining Unicode char U+2010 (decimal 8208)
   defining Unicode char U+2011 (decimal 8209)
   defining Unicode char U+2012 (decimal 8210)
   defining Unicode char U+2013 (decimal 8211)
   defining Unicode char U+2014 (decimal 8212)
   defining Unicode char U+2015 (decimal 8213)
   defining Unicode char U+2018 (decimal 8216)
   defining Unicode char U+2019 (decimal 8217)
   defining Unicode char U+201A (decimal 8218)
   defining Unicode char U+201C (decimal 8220)
   defining Unicode char U+201D (decimal 8221)
   defining Unicode char U+201E (decimal 8222)
   defining Unicode char U+2030 (decimal 8240)
   defining Unicode char U+2031 (decimal 8241)
   defining Unicode char U+2039 (decimal 8249)
   defining Unicode char U+203A (decimal 8250)
   defining Unicode char U+2423 (decimal 9251)
   defining Unicode char U+1E20 (decimal 7712)
   defining Unicode char U+1E21 (decimal 7713)
)
Now handling font encoding OT1 ...
... processing UTF-8 mapping file for font encoding OT1
 (c:/texlive/2017/texmf-dist/tex/latex/base/ot1enc.dfu
File: ot1enc.dfu 2017/01/28 v1.1t UTF-8 support for inputenc
   defining Unicode char U+00A0 (decimal 160)
   defining Unicode char U+00A1 (decimal 161)
   defining Unicode char U+00A3 (decimal 163)
   defining Unicode char U+00AD (decimal 173)
   defining Unicode char U+00B8 (decimal 184)
   defining Unicode char U+00BF (decimal 191)
   defining Unicode char U+00C5 (decimal 197)
   defining Unicode char U+00C6 (decimal 198)
   defining Unicode char U+00D8 (decimal 216)
   defining Unicode char U+00DF (decimal 223)
   defining Unicode char U+00E6 (decimal 230)
   defining Unicode char U+00EC (decimal 236)
   defining Unicode char U+00ED (decimal 237)
   defining Unicode char U+00EE (decimal 238)
   defining Unicode char U+00EF (decimal 239)
   defining Unicode char U+00F8 (decimal 248)
   defining Unicode char U+0131 (decimal 305)
   defining Unicode char U+0141 (decimal 321)
   defining Unicode char U+0142 (decimal 322)
   defining Unicode char U+0152 (decimal 338)
   defining Unicode char U+0153 (decimal 339)
   defining Unicode char U+0174 (decimal 372)
   defining Unicode char U+0175 (decimal 373)
   defining Unicode char U+0176 (decimal 374)
   defining Unicode char U+0177 (decimal 375)
   defining Unicode char U+0218 (decimal 536)
   defining Unicode char U+0219 (decimal 537)
   defining Unicode char U+021A (decimal 538)
   defining Unicode char U+021B (decimal 539)
   defining Unicode char U+2013 (decimal 8211)
   defining Unicode char U+2014 (decimal 8212)
   defining Unicode char U+2018 (decimal 8216)
   defining Unicode char U+2019 (decimal 8217)
   defining Unicode char U+201C (decimal 8220)
   defining Unicode char U+201D (decimal 8221)
)
Now handling font encoding OMS ...
... processing UTF-8 mapping file for font encoding OMS
 (c:/texlive/2017/texmf-dist/tex/latex/base/omsenc.dfu
File: omsenc.dfu 2017/01/28 v1.1t UTF-8 support for inputenc
   defining Unicode char U+00A7 (decimal 167)
   defining Unicode char U+00B6 (decimal 182)
   defining Unicode char U+00B7 (decimal 183)
   defining Unicode char U+2020 (decimal 8224)
   defining Unicode char U+2021 (decimal 8225)
   defining Unicode char U+2022 (decimal 8226)
)
Now handling font encoding OMX ...
... no UTF-8 mapping file for font encoding OMX
Now handling font encoding U ...
... no UTF-8 mapping file for font encoding U
   defining Unicode char U+00A9 (decimal 169)
   defining Unicode char U+00AA (decimal 170)
   defining Unicode char U+00AE (decimal 174)
   defining Unicode char U+00BA (decimal 186)
   defining Unicode char U+02C6 (decimal 710)
   defining Unicode char U+02DC (decimal 732)
   defining Unicode char U+200C (decimal 8204)
   defining Unicode char U+2026 (decimal 8230)
   defining Unicode char U+2122 (decimal 8482)
   defining Unicode char U+2423 (decimal 9251)
)) (c:/texlive/2017/texmf-dist/tex/generic/babel/babel.sty
Package: babel 2017/10/04 3.14 The Babel package
 (c:/texlive/2017/texmf-dist/tex/generic/babel/switch.def
File: switch.def 2017/10/04 3.14 Babel switching mechanism
) (c:/texlive/2017/texmf-dist/tex/generic/babel-portuges/portuges.ldf
Language: portuges 2008/03/18 v1.2q Portuguese support from the babel system
 (c:/texlive/2017/texmf-dist/tex/generic/babel/babel.def
File: babel.def 2017/10/04 3.14 Babel common definitions
 (c:/texlive/2017/texmf-dist/tex/generic/babel/switch.def
File: switch.def 2017/10/04 3.14 Babel switching mechanism
)
\babel@savecnt=\count334
\U@D=\dimen308
)
Package babel Info: Making " an active character on input line 145.
) (c:/texlive/2017/texmf-dist/tex/generic/babel-english/english.ldf
Language: english 2017/06/06 v3.3r English support from the babel system
\l@canadian = a dialect from \language\l@american 
\l@australian = a dialect from \language\l@british 
\l@newzealand = a dialect from \language\l@british 
)) (c:/texlive/2017/texmf-dist/tex/latex/datetime/datetime.sty
Package: datetime 2015/03/20 v2.60 Date Time Package
 (c:/texlive/2017/texmf-dist/tex/latex/fmtcount/fmtcount.sty
Package: fmtcount 2017/09/16 v3.04
 (c:/texlive/2017/texmf-dist/tex/latex/base/ifthen.sty
Package: ifthen 2014/09/29 v1.1c Standard LaTeX ifthen package (DPC)
) (c:/texlive/2017/texmf-dist/tex/latex/fmtcount/fcprefix.sty
Package: fcprefix 2012/09/28
 (c:/texlive/2017/texmf-dist/tex/latex/fmtcount/fcnumparser.sty
Package: fcnumparser 2017/06/15
\fc@digit@counter=\count335
)) (c:/texlive/2017/texmf-dist/tex/generic/ifxetex/ifxetex.sty
Package: ifxetex 2010/09/12 v0.6 Provides ifxetex conditional
)
\c@padzeroesN=\count336
\fc@tmpcatcode=\count337
 (c:/texlive/2017/texmf-dist/tex/latex/fmtcount/fc-english.def
File: fc-english.def 2016/01/12
) (c:/texlive/2017/texmf-dist/tex/latex/fmtcount/fc-portuges.def
File: fc-portuges.def 2016/01/12
)
\@DT@modctr=\count338
\@ordinalctr=\count339
\@orgargctr=\count340
\@strctr=\count341
\@tmpstrctr=\count342
\@DT@loopN=\count343
\@DT@X=\count344
) (c:/texlive/2017/texmf-dist/tex/latex/datetime/datetime-defaults.sty
Package: datetime-defaults 2013/09/10
)
\@day=\count345
\@month=\count346
\@year=\count347
\c@HOUR=\count348
\c@HOURXII=\count349
\c@MINUTE=\count350
\c@TOHOUR=\count351
\c@TOMINUTE=\count352
\c@SECOND=\count353
\currenthour=\count354
\currentminute=\count355
\currentsecond=\count356
Package datetime Info: No datetime.cfg file found, using default settings on input line 308.
\@dtctr=\count357
\dayofyear=\count358
\dayofweek=\count359
LaTeX Info: Redefining \today on input line 736.
\dt@a=\toks42
\dt@b=\toks43
) (c:/texlive/2017/texmf-dist/tex/latex/dashrule/dashrule.sty
Package: dashrule 2013/03/28 v1.3 Dashed rules
 (c:/texlive/2017/texmf-dist/tex/latex/ifmtarg/ifmtarg.sty
Package: ifmtarg 2009/09/02 v1.2a check for an empty argument
)
\c@hdr@segments=\count360
) (c:/texlive/2017/texmf-dist/tex/latex/aspectratio/ar.sty
Package: ar 2012/01/23 v.2.0 Aspect Ratio symbol: CM, TX, PX styles
) (c:/texlive/2017/texmf-dist/tex/latex/eurosym/eurosym.sty
Package: eurosym 1998/08/06 v1.1 European currency symbol ``Euro''
\@eurobox=\box96
) (c:/texlive/2017/texmf-dist/tex/latex/sectsty/sectsty.sty
Package: sectsty 2002/02/25 v2.0.2 Commands to change all sectional heading styles
) (c:/texlive/2017/texmf-dist/tex/latex/titlesec/titlesec.sty
Package: titlesec 2016/03/21 v2.10.2 Sectioning titles
\ttl@box=\box97
\beforetitleunit=\skip77
\aftertitleunit=\skip78
\ttl@plus=\dimen309
\ttl@minus=\dimen310
\ttl@toksa=\toks44
\titlewidth=\dimen311
\titlewidthlast=\dimen312
\titlewidthfirst=\dimen313
) (c:/texlive/2017/texmf-dist/tex/latex/caption/caption.sty
Package: caption 2016/02/21 v3.3-144 Customizing captions (AR)
 (c:/texlive/2017/texmf-dist/tex/latex/caption/caption3.sty
Package: caption3 2016/05/22 v1.7-166 caption3 kernel (AR)
Package caption3 Info: TeX engine: e-TeX on input line 67.
\captionmargin=\dimen314
\captionmargin@=\dimen315
\captionwidth=\dimen316
\caption@tempdima=\dimen317
\caption@indent=\dimen318
\caption@parindent=\dimen319
\caption@hangindent=\dimen320
)
\c@ContinuedFloat=\count361
Package caption Info: longtable package is loaded.
 (c:/texlive/2017/texmf-dist/tex/latex/caption/ltcaption.sty
Package: ltcaption 2013/06/09 v1.4-94 longtable captions (AR)
)) (c:/texlive/2017/texmf-dist/tex/latex/hyperref/hyperref.sty
Package: hyperref 2017/03/14 v6.85a Hypertext links for LaTeX
 (c:/texlive/2017/texmf-dist/tex/generic/oberdiek/hobsub-hyperref.sty
Package: hobsub-hyperref 2016/05/16 v1.14 Bundle oberdiek, subset hyperref (HO)
 (c:/texlive/2017/texmf-dist/tex/generic/oberdiek/hobsub-generic.sty
Package: hobsub-generic 2016/05/16 v1.14 Bundle oberdiek, subset generic (HO)
Package: hobsub 2016/05/16 v1.14 Construct package bundles (HO)
Package: infwarerr 2016/05/16 v1.4 Providing info/warning/error messages (HO)
Package: ltxcmds 2016/05/16 v1.23 LaTeX kernel commands for general use (HO)
Package: ifluatex 2016/05/16 v1.4 Provides the ifluatex switch (HO)
Package ifluatex Info: LuaTeX not detected.
Package: ifvtex 2016/05/16 v1.6 Detect VTeX and its facilities (HO)
Package ifvtex Info: VTeX not detected.
Package: intcalc 2016/05/16 v1.2 Expandable calculations with integers (HO)
Package hobsub Info: Skipping package `ifpdf' (already loaded).
Package: etexcmds 2016/05/16 v1.6 Avoid name clashes with e-TeX commands (HO)
Package etexcmds Info: Could not find \expanded.
(etexcmds)             That can mean that you are not using pdfTeX 1.50 or
(etexcmds)             that some package has redefined \expanded.
(etexcmds)             In the latter case, load this package earlier.
Package: kvsetkeys 2016/05/16 v1.17 Key value parser (HO)
Package: kvdefinekeys 2016/05/16 v1.4 Define keys (HO)
Package: pdftexcmds 2017/03/19 v0.25 Utility functions of pdfTeX for LuaTeX (HO)
Package pdftexcmds Info: LuaTeX not detected.
Package pdftexcmds Info: \pdf@primitive is available.
Package pdftexcmds Info: \pdf@ifprimitive is available.
Package pdftexcmds Info: \pdfdraftmode found.
Package: pdfescape 2016/05/16 v1.14 Implements pdfTeX's escape features (HO)
Package: bigintcalc 2016/05/16 v1.4 Expandable calculations on big integers (HO)
Package: bitset 2016/05/16 v1.2 Handle bit-vector datatype (HO)
Package: uniquecounter 2016/05/16 v1.3 Provide unlimited unique counter (HO)
)
Package hobsub Info: Skipping package `hobsub' (already loaded).
Package: letltxmacro 2016/05/16 v1.5 Let assignment for LaTeX macros (HO)
Package: hopatch 2016/05/16 v1.3 Wrapper for package hooks (HO)
Package: xcolor-patch 2016/05/16 xcolor patch
Package: atveryend 2016/05/16 v1.9 Hooks at the very end of document (HO)
Package atveryend Info: \AP@enddocument detected (standard20110627).
Package: atbegshi 2016/06/09 v1.18 At begin shipout hook (HO)
Package: refcount 2016/05/16 v3.5 Data extraction from label references (HO)
Package: hycolor 2016/05/16 v1.8 Color options for hyperref/bookmark (HO)
) (c:/texlive/2017/texmf-dist/tex/latex/oberdiek/kvoptions.sty
Package: kvoptions 2016/05/16 v3.12 Key value format for package options (HO)
)
\@linkdim=\dimen321
\Hy@linkcounter=\count362
\Hy@pagecounter=\count363
 (c:/texlive/2017/texmf-dist/tex/latex/hyperref/pd1enc.def
File: pd1enc.def 2017/03/14 v6.85a Hyperref: PDFDocEncoding definition (HO)
Now handling font encoding PD1 ...
... no UTF-8 mapping file for font encoding PD1
)
\Hy@SavedSpaceFactor=\count364
 (c:/texlive/2017/texmf-dist/tex/latex/latexconfig/hyperref.cfg
File: hyperref.cfg 2002/06/06 v1.2 hyperref configuration of TeXLive
)
Package hyperref Info: Hyper figures OFF on input line 4498.
Package hyperref Info: Link nesting OFF on input line 4503.
Package hyperref Info: Hyper index ON on input line 4506.
Package hyperref Info: Plain pages OFF on input line 4513.
Package hyperref Info: Backreferencing OFF on input line 4518.
Package hyperref Info: Implicit mode ON; LaTeX internals redefined.
Package hyperref Info: Bookmarks ON on input line 4751.
\c@Hy@tempcnt=\count365
 (c:/texlive/2017/texmf-dist/tex/latex/url/url.sty
\Urlmuskip=\muskip17
Package: url 2013/09/16  ver 3.4  Verb mode for urls, etc.
)
LaTeX Info: Redefining \url on input line 5104.
\XeTeXLinkMargin=\dimen322
\Fld@menulength=\count366
\Field@Width=\dimen323
\Fld@charsize=\dimen324
Package hyperref Info: Hyper figures OFF on input line 6358.
Package hyperref Info: Link nesting OFF on input line 6363.
Package hyperref Info: Hyper index ON on input line 6366.
Package hyperref Info: backreferencing OFF on input line 6373.
Package hyperref Info: Link coloring OFF on input line 6378.
Package hyperref Info: Link coloring with OCG OFF on input line 6383.
Package hyperref Info: PDF/A mode OFF on input line 6388.
LaTeX Info: Redefining \ref on input line 6428.
LaTeX Info: Redefining \pageref on input line 6432.
\Hy@abspage=\count367
\c@Item=\count368
\c@Hfootnote=\count369
)

Package hyperref Message: Driver (autodetected): hpdftex.

(c:/texlive/2017/texmf-dist/tex/latex/hyperref/hpdftex.def
File: hpdftex.def 2017/03/14 v6.85a Hyperref driver for pdfTeX
\Fld@listcount=\count370
\c@bookmark@seq@number=\count371
 (c:/texlive/2017/texmf-dist/tex/latex/oberdiek/rerunfilecheck.sty
Package: rerunfilecheck 2016/05/16 v1.8 Rerun checks for auxiliary files (HO)
Package uniquecounter Info: New unique counter `rerunfilecheck' on input line 282.
)
\Hy@SectionHShift=\skip79
)
Package hyperref Info: Option `colorlinks' set `true' on input line 88.


Package hyperref Warning: Option `pagecolor' is not available anymore.


Package hyperref Warning: Option `bookmarks' has already been used,
(hyperref)                setting the option has no effect on input line 88.

Package hyperref Info: Option `bookmarksopen' set `false' on input line 88.
Package hyperref Info: Option `bookmarksnumbered' set `true' on input line 88.
Package hyperref Info: Option `pdfdisplaydoctitle' set `true' on input line 88.
(c:/texlive/2017/texmf-dist/tex/latex/float/float.sty
Package: float 2001/11/08 v1.3d Float enhancements (AL)
\c@float@type=\count372
\float@exts=\toks45
\float@box=\box98
\@float@everytoks=\toks46
\@floatcapt=\box99
) (c:/texlive/2017/texmf-dist/tex/latex/mversion/mVersion.sty
Package: mVersion 2013/03/11 v1.0.1 easy versioning for LaTeX
\versionfile=\read2
\c@buildcounter=\count373
) (./my_preamble.sty
Package: my_preamble 2017/12/14 duarte vicente drumond custom latex
) (c:/texlive/2017/texmf-dist/tex/latex/koma-script/scrextend.sty
Package: scrextend 2017/09/07 v3.24 KOMA-Script package (extend other classes with features of KOMA-Script classes)
 (c:/texlive/2017/texmf-dist/tex/latex/koma-script/scrkbase.sty
Package: scrkbase 2017/09/07 v3.24 KOMA-Script package (KOMA-Script-dependent basics and keyval usage)
 (c:/texlive/2017/texmf-dist/tex/latex/koma-script/scrbase.sty
Package: scrbase 2017/09/07 v3.24 KOMA-Script package (KOMA-Script-independent basics and keyval usage)
 (c:/texlive/2017/texmf-dist/tex/latex/koma-script/scrlfile.sty
Package: scrlfile 2017/09/07 v3.24 KOMA-Script package (loading files)
)))

LaTeX Warning: Command \@footnotemark  has changed.
               Check if current package is valid.

LaTeX Info: Redefining \textsubscript on input line 1318.
) (c:/texlive/2017/texmf-dist/tex/latex/cleveref/cleveref.sty
Package: cleveref 2013/12/28 v0.19 Intelligent cross-referencing
Package cleveref Info: `hyperref' support loaded on input line 2230.
LaTeX Info: Redefining \cref on input line 2230.
LaTeX Info: Redefining \Cref on input line 2230.
LaTeX Info: Redefining \crefrange on input line 2230.
LaTeX Info: Redefining \Crefrange on input line 2230.
LaTeX Info: Redefining \cpageref on input line 2230.
LaTeX Info: Redefining \Cpageref on input line 2230.
LaTeX Info: Redefining \cpagerefrange on input line 2230.
LaTeX Info: Redefining \Cpagerefrange on input line 2230.
LaTeX Info: Redefining \labelcref on input line 2230.
LaTeX Info: Redefining \labelcpageref on input line 2230.
) (c:/texlive/2017/texmf-dist/tex/latex/tcolorbox/tcolorbox.sty
Package: tcolorbox 2017/09/14 version 4.11 text color boxes
 (c:/texlive/2017/texmf-dist/tex/latex/tools/verbatim.sty
Package: verbatim 2014/10/28 v1.5q LaTeX2e package for verbatim enhancements
\every@verbatim=\toks47
\verbatim@line=\toks48
\verbatim@in@stream=\read3
) (c:/texlive/2017/texmf-dist/tex/latex/environ/environ.sty
Package: environ 2014/05/04 v0.3 A new way to define environments
 (c:/texlive/2017/texmf-dist/tex/latex/trimspaces/trimspaces.sty
Package: trimspaces 2009/09/17 v1.1 Trim spaces around a token list
))
\tcb@titlebox=\box100
\tcb@upperbox=\box101
\tcb@lowerbox=\box102
\tcb@phantombox=\box103
\c@tcbbreakpart=\count374
\c@tcblayer=\count375
\tcolorbox@number=\count376
\tcb@temp=\box104
\tcb@temp=\box105
\tcb@temp=\box106
\tcb@temp=\box107
\tcb@out=\write5
\tcb@record@out=\write6
) (c:/texlive/2017/texmf-dist/tex/latex/pdfpages/pdfpages.sty
Package: pdfpages 2017/10/31 v0.5l Insert pages of external PDF documents (AM)
 (c:/texlive/2017/texmf-dist/tex/latex/eso-pic/eso-pic.sty
Package: eso-pic 2015/07/21 v2.0g eso-pic (RN)
)
\AM@pagewidth=\dimen325
\AM@pageheight=\dimen326
 (c:/texlive/2017/texmf-dist/tex/latex/pdfpages/pppdftex.def
File: pppdftex.def 2017/10/31 v0.5l Pdfpages driver for pdfTeX (AM)
)
\AM@pagebox=\box108
\AM@global@opts=\toks49
\AM@toc@title=\toks50
\c@AM@survey=\count377
\AM@templatesizebox=\box109
) (c:/texlive/2017/texmf-dist/tex/latex/geometry/geometry.sty
Package: geometry 2010/09/12 v5.6 Page Geometry
\Gm@cnth=\count378
\Gm@cntv=\count379
\c@Gm@tempcnt=\count380
\Gm@bindingoffset=\dimen327
\Gm@wd@mp=\dimen328
\Gm@odd@mp=\dimen329
\Gm@even@mp=\dimen330
\Gm@layoutwidth=\dimen331
\Gm@layoutheight=\dimen332
\Gm@layouthoffset=\dimen333
\Gm@layoutvoffset=\dimen334
\Gm@dimlist=\toks51
) (c:/texlive/2017/texmf-dist/tex/latex/opensans/opensans.sty
Package: opensans 2011/11/11 Opensans
 (c:/texlive/2017/texmf-dist/tex/latex/slantsc/slantsc.sty
Package: slantsc 2012/01/01 v2.11 Provide Slanted an Italic Small Caps
LaTeX Info: Redefining \upshape on input line 35.
LaTeX Info: Redefining \slshape on input line 45.
LaTeX Info: Redefining \itshape on input line 55.
LaTeX Info: Redefining \scshape on input line 65.
)) (c:/texlive/2017/texmf-dist/tex/latex/ms/ragged2e.sty
Package: ragged2e 2009/05/21 v2.1 ragged2e Package (MS)


LaTeX Warning: Command \@arrayparboxrestore  has changed.
               Check if current package is valid.

(c:/texlive/2017/texmf-dist/tex/latex/ms/everysel.sty
Package: everysel 2011/10/28 v1.2 EverySelectfont Package (MS)
) (c:/texlive/2017/texmf-dist/tex/latex/footmisc/footmisc.sty
Package: footmisc 2011/06/06 v5.5b a miscellany of footnote facilities
\FN@temptoken=\toks52
\footnotemargin=\dimen335
\c@pp@next@reset=\count381
Package footmisc Info: Declaring symbol style bringhurst on input line 855.
Package footmisc Info: Declaring symbol style chicago on input line 863.
Package footmisc Info: Declaring symbol style wiley on input line 872.
Package footmisc Info: Declaring symbol style lamport-robust on input line 883.
Package footmisc Info: Declaring symbol style lamport* on input line 903.
Package footmisc Info: Declaring symbol style lamport*-robust on input line 924.
)
\CenteringLeftskip=\skip80
\RaggedLeftLeftskip=\skip81
\RaggedRightLeftskip=\skip82
\CenteringRightskip=\skip83
\RaggedLeftRightskip=\skip84
\RaggedRightRightskip=\skip85
\CenteringParfillskip=\skip86
\RaggedLeftParfillskip=\skip87
\RaggedRightParfillskip=\skip88
\JustifyingParfillskip=\skip89
\CenteringParindent=\skip90
\RaggedLeftParindent=\skip91
\RaggedRightParindent=\skip92
\JustifyingParindent=\skip93
) (c:/texlive/2017/texmf-dist/tex/generic/ulem/ulem.sty
\UL@box=\box110
\UL@hyphenbox=\box111
\UL@skip=\skip94
\UL@hook=\toks53
\UL@height=\dimen336
\UL@pe=\count382
\UL@pixel=\dimen337
\ULC@box=\box112
Package: ulem 2012/05/18
\ULdepth=\dimen338
) (c:/texlive/2017/texmf-dist/tex/latex/enumitem/enumitem.sty
Package: enumitem 2011/09/28 v3.5.2 Customized lists
\labelindent=\skip95
\enit@outerparindent=\dimen339
\enit@toks=\toks54
\enit@inbox=\box113
\enitdp@description=\count383
)
\c@Enumeratei=\count384
\c@Enumerateii=\count385
\c@Enumerateiii=\count386
\c@Enumerateiv=\count387
\c@Enumeratev=\count388
\c@Enumeratevi=\count389
\c@Enumeratevii=\count390
\c@Enumerateviii=\count391
\c@Enumerateix=\count392
\enitdp@Enumerate=\count393
 (c:/texlive/2017/texmf-dist/tex/latex/setspace/setspace.sty
Package: setspace 2011/12/19 v6.7a set line spacing
) (c:/texlive/2017/texmf-dist/tex/latex/soul/soul.sty
Package: soul 2003/11/17 v2.4 letterspacing/underlining (mf)
\SOUL@word=\toks55
\SOUL@lasttoken=\toks56
\SOUL@cmds=\toks57
\SOUL@buffer=\toks58
\SOUL@token=\toks59
\SOUL@spaceskip=\skip96
\SOUL@ttwidth=\dimen340
\SOUL@uldp=\dimen341
\SOUL@ulht=\dimen342
) (c:/texlive/2017/texmf-dist/tex/latex/bezos/accents.sty
Package: accents 2006/05/12 v1.3 Math Accent Tools
\cc@skew=\dimen343
\cc@wd=\dimen344
\cc@code=\count394
\cc@group=\count395
\cc@skewchar=\count396
) (c:/texlive/2017/texmf-dist/tex/latex/fancyhdr/fancyhdr.sty
Package: fancyhdr 2017/06/30 v3.9a Extensive control of page headers and footers
\f@nch@headwidth=\skip97
\f@nch@O@elh=\skip98
\f@nch@O@erh=\skip99
\f@nch@O@olh=\skip100
\f@nch@O@orh=\skip101
\f@nch@O@elf=\skip102
\f@nch@O@erf=\skip103
\f@nch@O@olf=\skip104
\f@nch@O@orf=\skip105
) (c:/texlive/2017/texmf-dist/tex/latex/tocloft/tocloft.sty
Package: tocloft 2017/08/31 v2.3i parameterised ToC, etc., typesetting
Package tocloft Info: The document has chapter divisions on input line 51.
\cftparskip=\skip106
\cftbeforetoctitleskip=\skip107
\cftaftertoctitleskip=\skip108
\cftbeforepartskip=\skip109
\cftpartnumwidth=\skip110
\cftpartindent=\skip111
\cftbeforechapskip=\skip112
\cftchapindent=\skip113
\cftchapnumwidth=\skip114
\cftbeforesecskip=\skip115
\cftsecindent=\skip116
\cftsecnumwidth=\skip117
\cftbeforesubsecskip=\skip118
\cftsubsecindent=\skip119
\cftsubsecnumwidth=\skip120
\cftbeforesubsubsecskip=\skip121
\cftsubsubsecindent=\skip122
\cftsubsubsecnumwidth=\skip123
\cftbeforeparaskip=\skip124
\cftparaindent=\skip125
\cftparanumwidth=\skip126
\cftbeforesubparaskip=\skip127
\cftsubparaindent=\skip128
\cftsubparanumwidth=\skip129
\cftbeforeloftitleskip=\skip130
\cftafterloftitleskip=\skip131
\cftbeforefigskip=\skip132
\cftfigindent=\skip133
\cftfignumwidth=\skip134
\c@lofdepth=\count397
\c@lotdepth=\count398
\cftbeforelottitleskip=\skip135
\cftafterlottitleskip=\skip136
\cftbeforetabskip=\skip137
\cfttabindent=\skip138
\cfttabnumwidth=\skip139
) (c:/texlive/2017/texmf-dist/tex/latex/glossaries/base/glossaries.sty
Package: glossaries 2017/09/20 v4.33 (NLCT)
 (c:/texlive/2017/texmf-dist/tex/latex/mfirstuc/mfirstuc.sty
Package: mfirstuc 2016/07/31 v2.04 (NLCT)
\@glsmfirst=\toks60
\@glsmrest=\toks61
) (c:/texlive/2017/texmf-dist/tex/latex/textcase/textcase.sty
Package: textcase 2004/10/07 v0.07 Text only upper/lower case changing (DPC)
) (c:/texlive/2017/texmf-dist/tex/latex/xfor/xfor.sty
Package: xfor 2009/02/05 v1.05 (NLCT)
) (c:/texlive/2017/texmf-dist/tex/latex/datatool/datatool-base.sty
Package: datatool-base 2016/07/28 v2.27 (NLCT)
 (c:/texlive/2017/texmf-dist/tex/latex/substr/substr.sty
Package: substr 2009/10/20 v1.2 Handle substrings
\c@su@anzahl=\count399
) (c:/texlive/2017/texmf-dist/tex/latex/datatool/datatool-fp.sty
Package: datatool-fp 2016/07/28 v2.27 (NLCT)
 (c:/texlive/2017/texmf-dist/tex/latex/fp/fp.sty
Package: fp 1995/04/02
 `Fixed Point Package', Version 0.8, April 2, 1995 (C) Michael Mehlich (c:/texlive/2017/texmf-dist/tex/latex/fp/defpattern.sty
Package: defpattern 1994/10/12
\actioncount=\count400
) (c:/texlive/2017/texmf-dist/tex/latex/fp/fp-basic.sty
Package: fp-basic 1996/05/13
\FP@xs=\count401
\FP@xia=\count402
\FP@xib=\count403
\FP@xfa=\count404
\FP@xfb=\count405
\FP@rega=\count406
\FP@regb=\count407
\FP@regs=\count408
\FP@times=\count409
) (c:/texlive/2017/texmf-dist/tex/latex/fp/fp-addons.sty
Package: fp-addons 1995/03/15
) (c:/texlive/2017/texmf-dist/tex/latex/fp/fp-snap.sty
Package: fp-snap 1995/04/05
) (c:/texlive/2017/texmf-dist/tex/latex/fp/fp-exp.sty
Package: fp-exp 1995/04/03
) (c:/texlive/2017/texmf-dist/tex/latex/fp/fp-trigo.sty
Package: fp-trigo 1995/04/14
) (c:/texlive/2017/texmf-dist/tex/latex/fp/fp-pas.sty
Package: fp-pas 1994/08/29
) (c:/texlive/2017/texmf-dist/tex/latex/fp/fp-random.sty
Package: fp-random 1995/02/23
\FPseed=\count410
) (c:/texlive/2017/texmf-dist/tex/latex/fp/fp-eqn.sty
Package: fp-eqn 1995/04/03
) (c:/texlive/2017/texmf-dist/tex/latex/fp/fp-upn.sty
Package: fp-upn 1996/10/21
) (c:/texlive/2017/texmf-dist/tex/latex/fp/fp-eval.sty
Package: fp-eval 1995/04/03
)))
\@dtl@toks=\toks62
\@dtl@tmpcount=\count411
\dtl@tmplength=\skip140
\dtl@sortresult=\count412
\@dtl@numgrpsepcount=\count413
\@dtl@datatype=\count414
\dtl@codeA=\count415
\dtl@codeB=\count416
\@dtl@foreach@level=\count417
) (c:/texlive/2017/texmf-dist/tex/latex/glossaries/base/glossaries-compatible-307.sty
Package: glossaries-compatible-307 2017/09/20 v4.33 (NLCT)
) (c:/texlive/2017/texmf-dist/tex/latex/tracklang/tracklang.sty
Package: tracklang 2017/03/25 v1.3.4 (NLCT) Track Languages
 (c:/texlive/2017/texmf-dist/tex/generic/tracklang/tracklang.tex)) (c:/texlive/2017/texmf-dist/tex/latex/beamer/translator/translator.sty
Package: translator 2010/06/12 ver 1.10
 (c:/texlive/2017/texmf-dist/tex/latex/beamer/translator/translator-language-mappings.tex)) (c:/texlive/2017/texmf-dist/tex/latex/glossaries-english/glossaries-english.ldf
File: glossaries-english.ldf 2014/11/23 v1.0
) (c:/texlive/2017/texmf-dist/tex/latex/glossaries-portuges/glossaries-portuges.ldf
File: glossaries-portuges.ldf 2014/11/23 v1.0
 (c:/texlive/2017/texmf-dist/tex/latex/glossaries-portuges/glossaries-portuges-utf8.ldf))
\gls@level=\count418
\@gls@tmpb=\toks63
\gls@tmplen=\skip141
\glskeylisttok=\toks64
\glslabeltok=\toks65
\glsshorttok=\toks66
\glslongtok=\toks67
 (c:/texlive/2017/texmf-dist/tex/latex/glossaries/styles/glossary-hypernav.sty
Package: glossary-hypernav 2017/09/20 v4.33 (NLCT)
) (c:/texlive/2017/texmf-dist/tex/latex/glossaries/styles/glossary-list.sty
Package: glossary-list 2017/09/20 v4.33 (NLCT)
\glslistdottedwidth=\skip142
) (c:/texlive/2017/texmf-dist/tex/latex/glossaries/styles/glossary-long.sty
Package: glossary-long 2017/09/20 v4.33 (NLCT)
\glsdescwidth=\skip143
\glspagelistwidth=\skip144
) (c:/texlive/2017/texmf-dist/tex/latex/glossaries/styles/glossary-super.sty
Package: glossary-super 2017/09/20 v4.33 (NLCT)
 (c:/texlive/2017/texmf-dist/tex/latex/supertabular/supertabular.sty
Package: supertabular 2004/02/20 v4.1e the supertabular environment
\c@tracingst=\count419
\ST@wd=\dimen345
\ST@rightskip=\skip145
\ST@leftskip=\skip146
\ST@parfillskip=\skip147
\ST@pageleft=\dimen346
\ST@headht=\dimen347
\ST@tailht=\dimen348
\ST@pagesofar=\dimen349
\ST@pboxht=\dimen350
\ST@lineht=\dimen351
\ST@stretchht=\dimen352
\ST@prevht=\dimen353
\ST@toadd=\dimen354
\ST@dimen=\dimen355
\ST@pbox=\box114
)) (c:/texlive/2017/texmf-dist/tex/latex/glossaries/styles/glossary-tree.sty
Package: glossary-tree 2017/09/20 v4.33 (NLCT)
\glstreeindent=\skip148
))
\glswrite=\write7
\glo@main@file=\write8
\openout8 = `meine_bibel.glo'.

Package glossaries Info: Writing glossary file meine_bibel.glo on input line 185.
\glo@acronym@file=\write9
\openout9 = `meine_bibel.acn'.

Package glossaries Info: Writing glossary file meine_bibel.acn on input line 185.
 (c:/texlive/2017/texmf-dist/tex/latex/fancyvrb/fancyvrb.sty
Package: fancyvrb 2008/02/07
 Style option: `fancyvrb' v2.7a, with DG/SPQR fixes, and firstline=lastline fix <2008/02/07> (tvz)
\FV@CodeLineNo=\count420
\FV@InFile=\read4
\FV@TabBox=\box115
\c@FancyVerbLine=\count421
\FV@StepNumber=\count422
\FV@OutFile=\write10
) (c:/texlive/2017/texmf-dist/tex/latex/listings/listings.sty
\lst@mode=\count423
\lst@gtempboxa=\box116
\lst@token=\toks68
\lst@length=\count424
\lst@currlwidth=\dimen356
\lst@column=\count425
\lst@pos=\count426
\lst@lostspace=\dimen357
\lst@width=\dimen358
\lst@newlines=\count427
\lst@lineno=\count428
\lst@maxwidth=\dimen359
 (c:/texlive/2017/texmf-dist/tex/latex/listings/lstmisc.sty
File: lstmisc.sty 2015/06/04 1.6 (Carsten Heinz)
\c@lstnumber=\count429
\lst@skipnumbers=\count430
\lst@framebox=\box117
) (c:/texlive/2017/texmf-dist/tex/latex/listings/listings.cfg
File: listings.cfg 2015/06/04 1.6 listings configuration
))
Package: listings 2015/06/04 1.6 (Carsten Heinz)
 (c:/texlive/2017/texmf-dist/tex/latex/biblatex/biblatex.sty
Package: biblatex 2016/12/05 v3.7 programmable bibliographies (PK/JW/AB)
 (c:/texlive/2017/texmf-dist/tex/latex/logreq/logreq.sty
Package: logreq 2010/08/04 v1.0 xml request logger
\lrq@indent=\count431
 (c:/texlive/2017/texmf-dist/tex/latex/logreq/logreq.def
File: logreq.def 2010/08/04 v1.0 logreq spec v1.0
)) (c:/texlive/2017/texmf-dist/tex/generic/xstring/xstring.sty (c:/texlive/2017/texmf-dist/tex/generic/xstring/xstring.tex
\@xs@message=\write11
\integerpart=\count432
\decimalpart=\count433
)
Package: xstring 2013/10/13  v1.7c  String manipulations (C Tellechea)
)
\c@tabx@nest=\count434
\c@listtotal=\count435
\c@listcount=\count436
\c@liststart=\count437
\c@liststop=\count438
\c@citecount=\count439
\c@citetotal=\count440
\c@multicitecount=\count441
\c@multicitetotal=\count442
\c@instcount=\count443
\c@maxnames=\count444
\c@minnames=\count445
\c@maxitems=\count446
\c@minitems=\count447
\c@citecounter=\count448
\c@savedcitecounter=\count449
\c@uniquelist=\count450
\c@uniquename=\count451
\c@refsection=\count452
\c@refsegment=\count453
\c@maxextratitle=\count454
\c@maxextratitleyear=\count455
\c@maxextrayear=\count456
\c@maxextraalpha=\count457
\c@abbrvpenalty=\count458
\c@highnamepenalty=\count459
\c@lownamepenalty=\count460
\c@maxparens=\count461
\c@parenlevel=\count462
\blx@tempcnta=\count463
\blx@tempcntb=\count464
\blx@tempcntc=\count465
\blx@maxsection=\count466
\blx@maxsegment@0=\count467
\blx@notetype=\count468
\blx@parenlevel@text=\count469
\blx@parenlevel@foot=\count470
\blx@sectionciteorder@0=\count471
\labelnumberwidth=\skip149
\labelalphawidth=\skip150
\biblabelsep=\skip151
\bibitemsep=\skip152
\bibnamesep=\skip153
\bibinitsep=\skip154
\bibparsep=\skip155
\bibhang=\skip156
\blx@bcfin=\read5
\blx@bcfout=\write12
\c@mincomprange=\count472
\c@maxcomprange=\count473
\c@mincompwidth=\count474
Package biblatex Info: Trying to load biblatex default data model...
Package biblatex Info: ... file 'blx-dm.def' found.
 (c:/texlive/2017/texmf-dist/tex/latex/biblatex/blx-dm.def)
Package biblatex Info: Trying to load biblatex custom data model...
Package biblatex Info: ... file 'biblatex-dm.cfg' not found.
\c@afterword=\count475
\c@savedafterword=\count476
\c@annotator=\count477
\c@savedannotator=\count478
\c@author=\count479
\c@savedauthor=\count480
\c@bookauthor=\count481
\c@savedbookauthor=\count482
\c@commentator=\count483
\c@savedcommentator=\count484
\c@editor=\count485
\c@savededitor=\count486
\c@editora=\count487
\c@savededitora=\count488
\c@editorb=\count489
\c@savededitorb=\count490
\c@editorc=\count491
\c@savededitorc=\count492
\c@foreword=\count493
\c@savedforeword=\count494
\c@holder=\count495
\c@savedholder=\count496
\c@introduction=\count497
\c@savedintroduction=\count498
\c@namea=\count499
\c@savednamea=\count500
\c@nameb=\count501
\c@savednameb=\count502
\c@namec=\count503
\c@savednamec=\count504
\c@translator=\count505
\c@savedtranslator=\count506
\c@shortauthor=\count507
\c@savedshortauthor=\count508
\c@shorteditor=\count509
\c@savedshorteditor=\count510
\c@labelname=\count511
\c@savedlabelname=\count512
\c@institution=\count513
\c@savedinstitution=\count514
\c@lista=\count515
\c@savedlista=\count516
\c@listb=\count517
\c@savedlistb=\count518
\c@listc=\count519
\c@savedlistc=\count520
\c@listd=\count521
\c@savedlistd=\count522
\c@liste=\count523
\c@savedliste=\count524
\c@listf=\count525
\c@savedlistf=\count526
\c@location=\count527
\c@savedlocation=\count528
\c@organization=\count529
\c@savedorganization=\count530
\c@origlocation=\count531
\c@savedoriglocation=\count532
\c@origpublisher=\count533
\c@savedorigpublisher=\count534
\c@publisher=\count535
\c@savedpublisher=\count536
\c@language=\count537
\c@savedlanguage=\count538
\c@pageref=\count539
\c@savedpageref=\count540
\shorthandwidth=\skip157
\shortjournalwidth=\skip158
\shortserieswidth=\skip159
\shorttitlewidth=\skip160
\shortauthorwidth=\skip161
\shorteditorwidth=\skip162
Package biblatex Info: Trying to load compatibility code...
Package biblatex Info: ... file 'blx-compat.def' found.
 (c:/texlive/2017/texmf-dist/tex/latex/biblatex/blx-compat.def
File: blx-compat.def 2016/12/05 v3.7 biblatex compatibility (PK/JW/AB)
)
Package biblatex Info: Trying to load generic definitions...
Package biblatex Info: ... file 'biblatex.def' found.
 (c:/texlive/2017/texmf-dist/tex/latex/biblatex/biblatex.def
File: biblatex.def 2016/12/05 v3.7 biblatex compatibility (PK/JW/AB)
\c@textcitecount=\count541
\c@textcitetotal=\count542
\c@textcitemaxnames=\count543
\c@biburlnumpenalty=\count544
\c@biburlucpenalty=\count545
\c@biburllcpenalty=\count546
\c@smartand=\count547
)
Package biblatex Info: Trying to load bibliography style 'numeric'...
Package biblatex Info: ... file 'numeric.bbx' found.
 (c:/texlive/2017/texmf-dist/tex/latex/biblatex/bbx/numeric.bbx
File: numeric.bbx 2016/12/05 v3.7 biblatex bibliography style (PK/JW/AB)
Package biblatex Info: Trying to load bibliography style 'standard'...
Package biblatex Info: ... file 'standard.bbx' found.
 (c:/texlive/2017/texmf-dist/tex/latex/biblatex/bbx/standard.bbx
File: standard.bbx 2016/12/05 v3.7 biblatex bibliography style (PK/JW/AB)
\c@bbx:relatedcount=\count548
\c@bbx:relatedtotal=\count549
))
Package biblatex Info: Trying to load citation style 'numeric'...
Package biblatex Info: ... file 'numeric.cbx' found.
 (c:/texlive/2017/texmf-dist/tex/latex/biblatex/cbx/numeric.cbx
File: numeric.cbx 2016/12/05 v3.7 biblatex citation style (PK/JW/AB)
Package biblatex Info: Redefining '\cite'.
Package biblatex Info: Redefining '\parencite'.
Package biblatex Info: Redefining '\footcite'.
Package biblatex Info: Redefining '\footcitetext'.
Package biblatex Info: Redefining '\smartcite'.
Package biblatex Info: Redefining '\supercite'.
Package biblatex Info: Redefining '\textcite'.
Package biblatex Info: Redefining '\textcites'.
Package biblatex Info: Redefining '\cites'.
Package biblatex Info: Redefining '\parencites'.
Package biblatex Info: Redefining '\smartcites'.
)
Package biblatex Info: Trying to load configuration file...
Package biblatex Info: ... file 'biblatex.cfg' found.
 (c:/texlive/2017/texmf-dist/tex/latex/biblatex/biblatex.cfg
File: biblatex.cfg 
))
Package biblatex Info: Trying to load language 'english'...
Package biblatex Info: ... file 'english.lbx' found.
 (c:/texlive/2017/texmf-dist/tex/latex/biblatex/lbx/english.lbx
File: english.lbx 2016/12/05 v3.7 biblatex localization (PK/JW/AB)
)
Package biblatex Info: Trying to load language 'portuguese'...
Package biblatex Info: ... file 'portuguese.lbx' found.
 (c:/texlive/2017/texmf-dist/tex/latex/biblatex/lbx/portuguese.lbx
File: portuguese.lbx 2016/12/05 v3.7 biblatex localization (PK/JW/AB)
)

Package biblatex Warning: 'babel/polyglossia' detected but 'csquotes' missing.
(biblatex)                Loading 'csquotes' recommended.

\@quotelevel=\count550
\@quotereset=\count551
(./meine_bibel.aux)
\openout1 = `meine_bibel.aux'.

LaTeX Font Info:    Checking defaults for OML/cmm/m/it on input line 275.
LaTeX Font Info:    ... okay on input line 275.
LaTeX Font Info:    Checking defaults for T1/cmr/m/n on input line 275.
LaTeX Font Info:    ... okay on input line 275.
LaTeX Font Info:    Checking defaults for OT1/cmr/m/n on input line 275.
LaTeX Font Info:    ... okay on input line 275.
LaTeX Font Info:    Checking defaults for OMS/cmsy/m/n on input line 275.
LaTeX Font Info:    ... okay on input line 275.
LaTeX Font Info:    Checking defaults for OMX/cmex/m/n on input line 275.
LaTeX Font Info:    ... okay on input line 275.
LaTeX Font Info:    Checking defaults for U/cmr/m/n on input line 275.
LaTeX Font Info:    ... okay on input line 275.
LaTeX Font Info:    Checking defaults for PD1/pdf/m/n on input line 275.
LaTeX Font Info:    ... okay on input line 275.
LaTeX Font Info:    Try loading font information for OT1+fos on input line 275.
 (c:/texlive/2017/texmf-dist/tex/latex/opensans/ot1fos.fd
File: ot1fos.fd 2011/11/11 Fontinst v1.927 font definitions for OT1/fos.
) (c:/texlive/2017/texmf-dist/tex/context/base/mkii/supp-pdf.mkii
[Loading MPS to PDF converter (version 2006.09.02).]
\scratchcounter=\count552
\scratchdimen=\dimen360
\scratchbox=\box118
\nofMPsegments=\count553
\nofMParguments=\count554
\everyMPshowfont=\toks69
\MPscratchCnt=\count555
\MPscratchDim=\dimen361
\MPnumerator=\count556
\makeMPintoPDFobject=\count557
\everyMPtoPDFconversion=\toks70
) (c:/texlive/2017/texmf-dist/tex/latex/oberdiek/epstopdf-base.sty
Package: epstopdf-base 2016/05/15 v2.6 Base part for package epstopdf
 (c:/texlive/2017/texmf-dist/tex/latex/oberdiek/grfext.sty
Package: grfext 2016/05/16 v1.2 Manage graphics extensions (HO)
)
Package epstopdf-base Info: Redefining graphics rule for `.eps' on input line 438.
Package grfext Info: Graphics extension search list:
(grfext)             [.pdf,.png,.jpg,.mps,.jpeg,.jbig2,.jb2,.PDF,.PNG,.JPG,.JPEG,.JBIG2,.JB2,.eps]
(grfext)             \AppendGraphicsExtensions on input line 456.
 (c:/texlive/2017/texmf-dist/tex/latex/latexconfig/epstopdf-sys.cfg
File: epstopdf-sys.cfg 2010/07/13 v1.3 Configuration of (r)epstopdf for TeX Live
)) ABD: EveryShipout initializing macros
.................................................
. chemgreek info: "mapping-activated"
. 
. Activating mapping `default' on line 275.
.................................................
Package caption Info: Begin \AtBeginDocument code.
Package caption Info: float package is loaded.
Package caption Info: hyperref package is loaded.
Package caption Info: listings package is loaded.
Package caption Info: supertabular package is loaded.
Package caption Info: End \AtBeginDocument code.
\AtBeginShipoutBox=\box119
Package hyperref Info: Link coloring ON on input line 275.
 (c:/texlive/2017/texmf-dist/tex/latex/hyperref/nameref.sty
Package: nameref 2016/05/21 v2.44 Cross-referencing by name of section
 (c:/texlive/2017/texmf-dist/tex/generic/oberdiek/gettitlestring.sty
Package: gettitlestring 2016/05/16 v1.5 Cleanup title references (HO)
)
\c@section@level=\count558
)
LaTeX Info: Redefining \ref on input line 275.
LaTeX Info: Redefining \pageref on input line 275.
LaTeX Info: Redefining \nameref on input line 275.
 (./meine_bibel.out) (./meine_bibel.out)
\@outlinefile=\write13
\openout13 = `meine_bibel.out'.

 (c:/texlive/2017/texmf-dist/tex/latex/oberdiek/pdflscape.sty
Package: pdflscape 2016/05/14 v0.11 Display of landscape pages in PDF (HO)
 (c:/texlive/2017/texmf-dist/tex/latex/graphics/lscape.sty
Package: lscape 2000/10/22 v3.01 Landscape Pages (DPC)
)
Package pdflscape Info: Auto-detected driver: pdftex on input line 81.
)
*geometry* driver: auto-detecting
*geometry* detected driver: pdftex

Package geometry Warning: The marginal notes overrun the paper.
     Add 25.22638pt and more to the right margin.

*geometry* verbose mode - [ preamble ] result:
* driver: pdftex
* paper: <default>
* layout: <same size as paper>
* layoutoffset:(h,v)=(0.0pt,0.0pt)
* modes: twoside 
* h-part:(L,W,R)=(71.13188pt, 472.03123pt, 71.13188pt)
* v-part:(T,H,B)=(56.9055pt, 666.9326pt, 71.13188pt)
* \paperwidth=614.295pt
* \paperheight=794.96999pt
* \textwidth=472.03123pt
* \textheight=666.9326pt
* \oddsidemargin=-1.1381pt
* \evensidemargin=-1.1381pt
* \topmargin=-52.36449pt
* \headheight=12.0pt
* \headsep=25.0pt
* \topskip=10.0pt
* \footskip=30.0pt
* \marginparwidth=85.35826pt
* \marginparsep=11.0pt
* \columnsep=10.0pt
* \skip\footins=9.0pt plus 4.0pt minus 2.0pt
* \hoffset=0.0pt
* \voffset=0.0pt
* \mag=1000
* \@twocolumnfalse
* \@twosidetrue
* \@mparswitchtrue
* \@reversemarginfalse
* (1in=72.27pt=25.4mm, 1cm=28.453pt)

Package ragged2e Info: ABD: executing \RaggedRight on input line 275.
ABD: EverySelectfont initializing macros
LaTeX Info: Redefining \selectfont on input line 275.
 (./meine_bibel.glsdefs)
\c@lstlisting=\count559
Package biblatex Info: Input encoding 'utf8' detected.
Package biblatex Info: Automatic encoding selection.
(biblatex)             Assuming data encoding 'utf8'.
\openout12 = `meine_bibel.bcf'.

Package biblatex Info: Trying to load bibliographic data...
Package biblatex Info: ... file 'meine_bibel.bbl' not found.

No file meine_bibel.bbl.
Package biblatex Info: Reference section=0 on input line 275.
Package biblatex Info: Reference segment=0 on input line 275.
(./capa.tex
LaTeX Font Info:    Try loading font information for T1+fos on input line 7.
 (c:/texlive/2017/texmf-dist/tex/latex/opensans/t1fos.fd
File: t1fos.fd 2011/11/11 Fontinst v1.927 font definitions for T1/fos.
)

LaTeX Font Warning: Font shape `T1/fos/b/cl' undefined
(Font)              using `T1/fos/b/n' instead on input line 7.

) [1

\openout7 = `meine_bibel.ist'.

{c:/texlive/2017/texmf-var/fonts/map/pdftex/updmap/pdftex.map}] [2


] (./meine_bibel.toc
LaTeX Font Info:    Try loading font information for U+esvect on input line 5.
 (c:/texlive/2017/texmf-dist/tex/latex/esvect/uesvect.fd
File: uesvect.fd 
)

LaTeX Font Warning: Font shape `T1/fos/b/m' undefined
(Font)              using `T1/fos/b/n' instead on input line 7.

LaTeX Font Info:    Font shape `OT1/fos/bx/n' in size <10> not available
(Font)              Font shape `OT1/fos/b/n' tried instead on input line 7.
)
\tf@toc=\write14
\openout14 = `meine_bibel.toc'.

 [3] [4


] (./glossary.tex
\@gls@deffile=\write15
\openout15 = `meine_bibel.glsdefs'.

) (./meine_bibel.acr) (./meine_bibel.gls) [5] [6


] (./start_auf_deutsch.tex
Chapter 1.
Package epstopdf Info: Source file: <figures/dasAlphabet.eps>
(epstopdf)                    date: 2021-10-24 19:37:04
(epstopdf)                    size: 3761026 bytes
(epstopdf)             Output file: <figures/dasAlphabet-eps-converted-to.pdf>
(epstopdf)                    date: 2021-10-24 19:37:27
(epstopdf)                    size: 21168 bytes
(epstopdf)             Command: <repstopdf --outfile=figures/dasAlphabet-eps-converted-to.pdf figures/dasAlphabet.eps>
(epstopdf)             \includegraphics on input line 5.
Package epstopdf Info: Output file is already uptodate.
<figures/dasAlphabet-eps-converted-to.pdf, id=125, pagebox=cropbox, 2509.375pt x 516.93124pt>
File: figures/dasAlphabet-eps-converted-to.pdf Graphic file (type pdf)
<use figures/dasAlphabet-eps-converted-to.pdf>
Package pdftex.def Info: figures/dasAlphabet-eps-converted-to.pdf  used on input line 5. on input line 5.
Package pdftex.def Info: Requested size: 424.82523pt x 87.51431pt on input line 5.

Underfull \hbox (badness 10000) in paragraph at lines 37--39

 []

[1

 <./figures/dasAlphabet-eps-converted-to.pdf>]
Package epstopdf Info: Source file: <figures/dieHauptsatz.eps>
(epstopdf)                    date: 2019-03-10 13:01:11
(epstopdf)                    size: 1882634 bytes
(epstopdf)             Output file: <figures/dieHauptsatz-eps-converted-to.pdf>
(epstopdf)                    date: 2019-03-10 13:02:42
(epstopdf)                    size: 11438 bytes
(epstopdf)             Command: <repstopdf --outfile=figures/dieHauptsatz-eps-converted-to.pdf figures/dieHauptsatz.eps>
(epstopdf)             \includegraphics on input line 77.
Package epstopdf Info: Output file is already uptodate.
<figures/dieHauptsatz-eps-converted-to.pdf, id=144, pagebox=cropbox, 2160.07pt x 202.7575pt>
File: figures/dieHauptsatz-eps-converted-to.pdf Graphic file (type pdf)
<use figures/dieHauptsatz-eps-converted-to.pdf>
Package pdftex.def Info: figures/dieHauptsatz-eps-converted-to.pdf  used on input line 77. on input line 77.
Package pdftex.def Info: Requested size: 135.60844pt x 12.728pt on input line 77.

Underfull \hbox (badness 10000) in paragraph at lines 77--79
[][]
 []

Package epstopdf Info: Source file: <figures/dieWortfrage.eps>
(epstopdf)                    date: 2019-03-10 13:03:06
(epstopdf)                    size: 4114614 bytes
(epstopdf)             Output file: <figures/dieWortfrage-eps-converted-to.pdf>
(epstopdf)                    date: 2019-03-10 13:03:16
(epstopdf)                    size: 15338 bytes
(epstopdf)             Command: <repstopdf --outfile=figures/dieWortfrage-eps-converted-to.pdf figures/dieWortfrage.eps>
(epstopdf)             \includegraphics on input line 85.
Package epstopdf Info: Output file is already uptodate.
<figures/dieWortfrage-eps-converted-to.pdf, id=145, pagebox=cropbox, 2196.205pt x 704.6325pt>
File: figures/dieWortfrage-eps-converted-to.pdf Graphic file (type pdf)
<use figures/dieWortfrage-eps-converted-to.pdf>
Package pdftex.def Info: figures/dieWortfrage-eps-converted-to.pdf  used on input line 85. on input line 85.
Package pdftex.def Info: Requested size: 135.60844pt x 43.50183pt on input line 85.

Underfull \hbox (badness 10000) in paragraph at lines 85--88
[][]
 []


Underfull \hbox (badness 5622) in paragraph at lines 88--88
|\T1/fos/b/m/10 die Satzfrage oder Ja/Nein-
 []

Package epstopdf Info: Source file: <figures/dieSatzfrage.eps>
(epstopdf)                    date: 2019-03-10 13:02:02
(epstopdf)                    size: 1883122 bytes
(epstopdf)             Output file: <figures/dieSatzfrage-eps-converted-to.pdf>
(epstopdf)                    date: 2019-03-10 13:02:44
(epstopdf)                    size: 11454 bytes
(epstopdf)             Command: <repstopdf --outfile=figures/dieSatzfrage-eps-converted-to.pdf figures/dieSatzfrage.eps>
(epstopdf)             \includegraphics on input line 92.
Package epstopdf Info: Output file is already uptodate.
<figures/dieSatzfrage-eps-converted-to.pdf, id=146, pagebox=cropbox, 2160.07pt x 202.7575pt>
File: figures/dieSatzfrage-eps-converted-to.pdf Graphic file (type pdf)
<use figures/dieSatzfrage-eps-converted-to.pdf>
Package pdftex.def Info: figures/dieSatzfrage-eps-converted-to.pdf  used on input line 92. on input line 92.
Package pdftex.def Info: Requested size: 135.60844pt x 12.728pt on input line 92.

Underfull \hbox (badness 10000) in paragraph at lines 92--94
[][]
 []


Overfull \hbox (5.88342pt too wide) in paragraph at lines 120--120
[]$[]$|  
 []


Overfull \hbox (5.6334pt too wide) in paragraph at lines 120--120
[]$[]$|  
 []


Overfull \hbox (1.35062pt too wide) in paragraph at lines 120--120
[]$[]$|  
 []


Overfull \hbox (14.06839pt too wide) in paragraph at lines 120--120
[]$[]$|  
 []


Overfull \hbox (0.70567pt too wide) in paragraph at lines 120--120
[]$[]$|  
 []


Overfull \hbox (4.04567pt too wide) in paragraph at lines 120--120
[]$[]$|  
 []


Overfull \hbox (16.20343pt too wide) in paragraph at lines 120--120
[]$[]$|  
 []


Overfull \hbox (3.48157pt too wide) in paragraph at lines 120--120
[]$[]$|  
 []


Overfull \hbox (9.0806pt too wide) in paragraph at lines 120--120
[]$[]$|  
 []


Overfull \hbox (1.54562pt too wide) in paragraph at lines 120--120
[]$[]$|  
 []


Overfull \hbox (19.05338pt too wide) in paragraph at lines 120--120
[]$[]$|  
 []

[2 <./figures/dieHauptsatz-eps-converted-to.pdf> <./figures/dieWortfrage-eps-converted-to.pdf> <./figures/dieSatzfrage-eps-converted-to.pdf>]
Underfull \vbox (badness 10000) detected at line 145
 []


Underfull \vbox (badness 10000) detected at line 161
 []


Underfull \vbox (badness 10000) detected at line 177
 []

[3]
Underfull \vbox (badness 10000) detected at line 209
 []


Underfull \vbox (badness 10000) detected at line 233
 []

[4]
Underfull \vbox (badness 10000) detected at line 261
 []


Underfull \vbox (badness 10000) detected at line 287
 []


Underfull \vbox (badness 10000) has occurred while \output is active []

 [5]
Underfull \vbox (badness 10000) detected at line 303
 []


Underfull \vbox (badness 10000) detected at line 315
 []


Underfull \vbox (badness 10000) detected at line 356
 []

[6]
Underfull \vbox (badness 10000) detected at line 393
 []


Underfull \vbox (badness 10000) detected at line 414
 []


Overfull \vbox (4.00504pt too high) has occurred while \output is active []

 [7]
Underfull \vbox (badness 10000) detected at line 428
 []


Underfull \vbox (badness 10000) detected at line 442
 []


Underfull \vbox (badness 10000) detected at line 459
 []


Underfull \vbox (badness 10000) detected at line 484
 []


Overfull \vbox (2.32094pt too high) has occurred while \output is active []

 [8]
Underfull \vbox (badness 10000) detected at line 504
 []


Underfull \vbox (badness 10000) detected at line 522
 []


Underfull \vbox (badness 10000) detected at line 549
 []


Overfull \vbox (3.62706pt too high) has occurred while \output is active []

 [9]
Underfull \vbox (badness 10000) detected at line 570
 []


Underfull \vbox (badness 10000) detected at line 585
 []


Underfull \vbox (badness 10000) detected at line 608
 []

) [10] (./verben.tex
Chapter 2.

Overfull \hbox (4.46852pt too wide) in paragraph at lines 1--1
|\T1/fos/b/cl/25 Verbale Kon-ju-ga-tio-nen / Con-jun-gaes
 []

[11



]) [12]
Package atveryend Info: Empty hook `BeforeClearDocument' on input line 338.
Package atveryend Info: Empty hook `AfterLastShipout' on input line 338.
 (./meine_bibel.aux)
Package atveryend Info: Executing hook `AtVeryEndDocument' on input line 338.
Package atveryend Info: Executing hook `AtEndAfterFileList' on input line 338.
Package rerunfilecheck Info: File `meine_bibel.out' has not changed.
(rerunfilecheck)             Checksum: 326D9650D4A238ADBF0B2B943B2B886A;1323.


LaTeX Font Warning: Some font shapes were not available, defaults substituted.

Package atveryend Info: Empty hook `AtVeryVeryEnd' on input line 338.
Package logreq Info: Writing requests to 'meine_bibel.run.xml'.
\openout1 = `meine_bibel.run.xml'.

 ) 
Here is how much of TeX's memory you used:
 50653 strings out of 492990
 956809 string characters out of 6136334
 1583911 words of memory out of 5000000
 53275 multiletter control sequences out of 15000+600000
 595603 words of font info for 139 fonts, out of 8000000 for 9000
 1141 hyphenation exceptions out of 8191
 57i,21n,92p,10458b,1638s stack positions out of 5000i,500n,10000p,200000b,80000s
{c:/texlive/2017/texmf-dist/fonts/enc/dvips/opensans/opensans-04.enc}{c:/texlive/2017/texmf-dist/fonts/enc/dvips/opensans/opensans-03.enc}{c:/texlive/2017/texmf-dist/fonts/enc/dvips/opensans/opensans-02.enc}{c:/texlive/2017/texmf-dist/fonts/enc/dvips/opensans/opensans-01.enc}<c:/texlive/2017/texmf-dist/fonts/type1/public/opensans/OpenSans-Bold.pfb><c:/texlive/2017/texmf-dist/fonts/type1/public/opensans/OpenSans-BoldItalic.pfb><c:/texlive/2017/texmf-dist/fonts/type1/public/opensans/OpenSans-Italic.pfb><c:/texlive/2017/texmf-dist/fonts/type1/public/opensans/OpenSans-Regular.pfb><c:/texlive/2017/texmf-dist/fonts/type1/public/opensans/OpenSans-Semibold.pfb><c:/texlive/2017/texmf-dist/fonts/type1/public/amsfonts/cm/cmsy10.pfb>
Output written on meine_bibel.pdf (18 pages, 178448 bytes).
PDF statistics:
 311 PDF objects out of 1000 (max. 8388607)
 267 compressed objects within 3 object streams
 66 named destinations out of 1000 (max. 500000)
 177 words of extra memory for PDF output out of 10000 (max. 10000000)

